[0.007s] Invoking command in '/workspace/gsslam_backend/ros2_ws/build/zed_ros2': AMENT_PREFIX_PATH=/workspace/gsslam_backend/ros2_ws/install/zed_wrapper:/workspace/gsslam_backend/ros2_ws/install/zed_components:${AMENT_PREFIX_PATH} CMAKE_PREFIX_PATH=/workspace/gsslam_backend/ros2_ws/install/zed_wrapper:/workspace/gsslam_backend/ros2_ws/install/zed_components:/opt/ros/humble LD_LIBRARY_PATH=/workspace/gsslam_backend/ros2_ws/install/zed_components/lib:${LD_LIBRARY_PATH} /usr/bin/cmake /workspace/gsslam_backend/ros2_ws/src/zed-ros2-wrapper/zed_ros2 -DCARTGS_ROOT_DIR=/workspace/gsslam_backend -DORB_SLAM3_ROOT_DIR=/workspace/gsslam_backend/third_party/ORB-SLAM3 -DOpenCV_DIR=/workspace/gsslam_backend/third_party/install/opencv/lib/cmake/opencv4 -DTorch_DIR=/usr/local/libtorch/share/cmake/Torch -DCMAKE_INSTALL_RPATH=/workspace/gsslam_backend/cartgs_ros_rolling/third_party/install/opencv/lib -DCMAKE_INSTALL_RPATH_USE_LINK_PATH=TRUE -DCMAKE_INSTALL_PREFIX=/workspace/gsslam_backend/ros2_ws/install/zed_ros2
[0.018s] -- Found ament_cmake_auto: 1.3.12 (/opt/ros/humble/share/ament_cmake_auto/cmake)
[0.122s] -- Found Python3: /usr/bin/python3 (found version "3.10.12") found components: Interpreter 
[0.225s] -- Found ament_lint_auto: 0.12.14 (/opt/ros/humble/share/ament_lint_auto/cmake)
[0.232s] -- Added test 'copyright' to check source files copyright and LICENSE
[0.232s] -- Added test 'lint_cmake' to check CMake code style
[0.233s] -- Added test 'xmllint' to check XML markup files
[0.233s] -- Configuring done
[0.235s] -- Generating done
[0.235s] [33mCMake Warning:
[0.235s]   Manually-specified variables were not used by the project:
[0.236s] 
[0.236s]     CARTGS_ROOT_DIR
[0.236s]     CMAKE_INSTALL_RPATH
[0.236s]     CMAKE_INSTALL_RPATH_USE_LINK_PATH
[0.236s]     ORB_SLAM3_ROOT_DIR
[0.236s]     OpenCV_DIR
[0.236s]     Torch_DIR
[0.236s] 
[0.236s] [0m
[0.236s] -- Build files have been written to: /workspace/gsslam_backend/ros2_ws/build/zed_ros2
[0.239s] Invoked command in '/workspace/gsslam_backend/ros2_ws/build/zed_ros2' returned '0': AMENT_PREFIX_PATH=/workspace/gsslam_backend/ros2_ws/install/zed_wrapper:/workspace/gsslam_backend/ros2_ws/install/zed_components:${AMENT_PREFIX_PATH} CMAKE_PREFIX_PATH=/workspace/gsslam_backend/ros2_ws/install/zed_wrapper:/workspace/gsslam_backend/ros2_ws/install/zed_components:/opt/ros/humble LD_LIBRARY_PATH=/workspace/gsslam_backend/ros2_ws/install/zed_components/lib:${LD_LIBRARY_PATH} /usr/bin/cmake /workspace/gsslam_backend/ros2_ws/src/zed-ros2-wrapper/zed_ros2 -DCARTGS_ROOT_DIR=/workspace/gsslam_backend -DORB_SLAM3_ROOT_DIR=/workspace/gsslam_backend/third_party/ORB-SLAM3 -DOpenCV_DIR=/workspace/gsslam_backend/third_party/install/opencv/lib/cmake/opencv4 -DTorch_DIR=/usr/local/libtorch/share/cmake/Torch -DCMAKE_INSTALL_RPATH=/workspace/gsslam_backend/cartgs_ros_rolling/third_party/install/opencv/lib -DCMAKE_INSTALL_RPATH_USE_LINK_PATH=TRUE -DCMAKE_INSTALL_PREFIX=/workspace/gsslam_backend/ros2_ws/install/zed_ros2
[0.240s] Invoking command in '/workspace/gsslam_backend/ros2_ws/build/zed_ros2': AMENT_PREFIX_PATH=/workspace/gsslam_backend/ros2_ws/install/zed_wrapper:/workspace/gsslam_backend/ros2_ws/install/zed_components:${AMENT_PREFIX_PATH} CMAKE_PREFIX_PATH=/workspace/gsslam_backend/ros2_ws/install/zed_wrapper:/workspace/gsslam_backend/ros2_ws/install/zed_components:/opt/ros/humble LD_LIBRARY_PATH=/workspace/gsslam_backend/ros2_ws/install/zed_components/lib:${LD_LIBRARY_PATH} /usr/bin/cmake --build /workspace/gsslam_backend/ros2_ws/build/zed_ros2 -- -j28 -l28
[0.268s] Invoked command in '/workspace/gsslam_backend/ros2_ws/build/zed_ros2' returned '0': AMENT_PREFIX_PATH=/workspace/gsslam_backend/ros2_ws/install/zed_wrapper:/workspace/gsslam_backend/ros2_ws/install/zed_components:${AMENT_PREFIX_PATH} CMAKE_PREFIX_PATH=/workspace/gsslam_backend/ros2_ws/install/zed_wrapper:/workspace/gsslam_backend/ros2_ws/install/zed_components:/opt/ros/humble LD_LIBRARY_PATH=/workspace/gsslam_backend/ros2_ws/install/zed_components/lib:${LD_LIBRARY_PATH} /usr/bin/cmake --build /workspace/gsslam_backend/ros2_ws/build/zed_ros2 -- -j28 -l28
[0.268s] Invoking command in '/workspace/gsslam_backend/ros2_ws/build/zed_ros2': AMENT_PREFIX_PATH=/workspace/gsslam_backend/ros2_ws/install/zed_wrapper:/workspace/gsslam_backend/ros2_ws/install/zed_components:${AMENT_PREFIX_PATH} CMAKE_PREFIX_PATH=/workspace/gsslam_backend/ros2_ws/install/zed_wrapper:/workspace/gsslam_backend/ros2_ws/install/zed_components:/opt/ros/humble LD_LIBRARY_PATH=/workspace/gsslam_backend/ros2_ws/install/zed_components/lib:${LD_LIBRARY_PATH} /usr/bin/cmake --install /workspace/gsslam_backend/ros2_ws/build/zed_ros2
[0.272s] -- Install configuration: ""
[0.272s] -- Installing: /workspace/gsslam_backend/ros2_ws/install/zed_ros2/share/ament_index/resource_index/package_run_dependencies/zed_ros2
[0.272s] -- Installing: /workspace/gsslam_backend/ros2_ws/install/zed_ros2/share/ament_index/resource_index/parent_prefix_path/zed_ros2
[0.273s] -- Installing: /workspace/gsslam_backend/ros2_ws/install/zed_ros2/share/zed_ros2/environment/ament_prefix_path.sh
[0.273s] -- Installing: /workspace/gsslam_backend/ros2_ws/install/zed_ros2/share/zed_ros2/environment/ament_prefix_path.dsv
[0.273s] -- Installing: /workspace/gsslam_backend/ros2_ws/install/zed_ros2/share/zed_ros2/environment/path.sh
[0.273s] -- Installing: /workspace/gsslam_backend/ros2_ws/install/zed_ros2/share/zed_ros2/environment/path.dsv
[0.273s] -- Installing: /workspace/gsslam_backend/ros2_ws/install/zed_ros2/share/zed_ros2/local_setup.bash
[0.273s] -- Installing: /workspace/gsslam_backend/ros2_ws/install/zed_ros2/share/zed_ros2/local_setup.sh
[0.273s] -- Installing: /workspace/gsslam_backend/ros2_ws/install/zed_ros2/share/zed_ros2/local_setup.zsh
[0.273s] -- Installing: /workspace/gsslam_backend/ros2_ws/install/zed_ros2/share/zed_ros2/local_setup.dsv
[0.273s] -- Installing: /workspace/gsslam_backend/ros2_ws/install/zed_ros2/share/zed_ros2/package.dsv
[0.273s] -- Installing: /workspace/gsslam_backend/ros2_ws/install/zed_ros2/share/ament_index/resource_index/packages/zed_ros2
[0.273s] -- Installing: /workspace/gsslam_backend/ros2_ws/install/zed_ros2/share/zed_ros2/cmake/zed_ros2Config.cmake
[0.273s] -- Installing: /workspace/gsslam_backend/ros2_ws/install/zed_ros2/share/zed_ros2/cmake/zed_ros2Config-version.cmake
[0.273s] -- Installing: /workspace/gsslam_backend/ros2_ws/install/zed_ros2/share/zed_ros2/package.xml
[0.275s] Invoked command in '/workspace/gsslam_backend/ros2_ws/build/zed_ros2' returned '0': AMENT_PREFIX_PATH=/workspace/gsslam_backend/ros2_ws/install/zed_wrapper:/workspace/gsslam_backend/ros2_ws/install/zed_components:${AMENT_PREFIX_PATH} CMAKE_PREFIX_PATH=/workspace/gsslam_backend/ros2_ws/install/zed_wrapper:/workspace/gsslam_backend/ros2_ws/install/zed_components:/opt/ros/humble LD_LIBRARY_PATH=/workspace/gsslam_backend/ros2_ws/install/zed_components/lib:${LD_LIBRARY_PATH} /usr/bin/cmake --install /workspace/gsslam_backend/ros2_ws/build/zed_ros2
