[0.013s] Invoking command in '/workspace/gsslam_backend/ros2_ws/build/zed_components': CMAKE_PREFIX_PATH=${CMAKE_PREFIX_PATH}:/workspace/gsslam_backend/ros2_ws/install/ros_tcp_endpoint:/workspace/gsslam_backend/ros2_ws/install/opencv_tests:/opt/ros/humble /usr/bin/cmake --build /workspace/gsslam_backend/ros2_ws/build/zed_components -- -j28 -l28
[0.055s] [35m[1mConsolidate compiler generated dependencies of target zed_camera_one_component[0m
[0.057s] [35m[1mConsolidate compiler generated dependencies of target zed_camera_component[0m
[0.089s] [ 40%] Built target zed_camera_one_component
[0.096s] [100%] Built target zed_camera_component
[0.183s] Invoked command in '/workspace/gsslam_backend/ros2_ws/build/zed_components' returned '0': CMAKE_PREFIX_PATH=${CMAKE_PREFIX_PATH}:/workspace/gsslam_backend/ros2_ws/install/ros_tcp_endpoint:/workspace/gsslam_backend/ros2_ws/install/opencv_tests:/opt/ros/humble /usr/bin/cmake --build /workspace/gsslam_backend/ros2_ws/build/zed_components -- -j28 -l28
[0.192s] Invoking command in '/workspace/gsslam_backend/ros2_ws/build/zed_components': CMAKE_PREFIX_PATH=${CMAKE_PREFIX_PATH}:/workspace/gsslam_backend/ros2_ws/install/ros_tcp_endpoint:/workspace/gsslam_backend/ros2_ws/install/opencv_tests:/opt/ros/humble /usr/bin/cmake --install /workspace/gsslam_backend/ros2_ws/build/zed_components
[0.198s] -- Install configuration: "Release"
[0.198s] -- Up-to-date: /workspace/gsslam_backend/ros2_ws/install/zed_components/lib/libzed_camera_component.so
[0.199s] -- Up-to-date: /workspace/gsslam_backend/ros2_ws/install/zed_components/lib/libzed_camera_one_component.so
[0.208s] -- Up-to-date: /workspace/gsslam_backend/ros2_ws/install/zed_components/include/zed_components/
[0.208s] -- Up-to-date: /workspace/gsslam_backend/ros2_ws/install/zed_components/include/zed_components//cost_traversability.hpp
[0.208s] -- Up-to-date: /workspace/gsslam_backend/ros2_ws/install/zed_components/include/zed_components//zed_camera_component.hpp
[0.208s] -- Up-to-date: /workspace/gsslam_backend/ros2_ws/install/zed_components/include/zed_components//zed_camera_one_component.hpp
[0.208s] -- Up-to-date: /workspace/gsslam_backend/ros2_ws/install/zed_components/include/zed_components/
[0.208s] -- Up-to-date: /workspace/gsslam_backend/ros2_ws/install/zed_components/include/zed_components//gnss_replay.hpp
[0.208s] -- Up-to-date: /workspace/gsslam_backend/ros2_ws/install/zed_components/include/zed_components//json.hpp
[0.208s] -- Up-to-date: /workspace/gsslam_backend/ros2_ws/install/zed_components/include/zed_components//sl_logging.hpp
[0.209s] -- Up-to-date: /workspace/gsslam_backend/ros2_ws/install/zed_components/include/zed_components//sl_tools.hpp
[0.209s] -- Up-to-date: /workspace/gsslam_backend/ros2_ws/install/zed_components/include/zed_components//sl_types.hpp
[0.209s] -- Up-to-date: /workspace/gsslam_backend/ros2_ws/install/zed_components/include/zed_components//sl_win_avg.hpp
[0.209s] -- Up-to-date: /workspace/gsslam_backend/ros2_ws/install/zed_components/include/zed_components/
[0.209s] -- Up-to-date: /workspace/gsslam_backend/ros2_ws/install/zed_components/include/zed_components//visibility_control.hpp
[0.209s] -- Up-to-date: /workspace/gsslam_backend/ros2_ws/install/zed_components/share/zed_components/environment/library_path.sh
[0.209s] -- Up-to-date: /workspace/gsslam_backend/ros2_ws/install/zed_components/share/zed_components/environment/library_path.dsv
[0.209s] -- Up-to-date: /workspace/gsslam_backend/ros2_ws/install/zed_components/share/ament_index/resource_index/package_run_dependencies/zed_components
[0.209s] -- Up-to-date: /workspace/gsslam_backend/ros2_ws/install/zed_components/share/ament_index/resource_index/parent_prefix_path/zed_components
[0.209s] -- Up-to-date: /workspace/gsslam_backend/ros2_ws/install/zed_components/share/zed_components/environment/ament_prefix_path.sh
[0.210s] -- Up-to-date: /workspace/gsslam_backend/ros2_ws/install/zed_components/share/zed_components/environment/ament_prefix_path.dsv
[0.210s] -- Up-to-date: /workspace/gsslam_backend/ros2_ws/install/zed_components/share/zed_components/environment/path.sh
[0.210s] -- Up-to-date: /workspace/gsslam_backend/ros2_ws/install/zed_components/share/zed_components/environment/path.dsv
[0.210s] -- Up-to-date: /workspace/gsslam_backend/ros2_ws/install/zed_components/share/zed_components/local_setup.bash
[0.210s] -- Up-to-date: /workspace/gsslam_backend/ros2_ws/install/zed_components/share/zed_components/local_setup.sh
[0.210s] -- Up-to-date: /workspace/gsslam_backend/ros2_ws/install/zed_components/share/zed_components/local_setup.zsh
[0.210s] -- Up-to-date: /workspace/gsslam_backend/ros2_ws/install/zed_components/share/zed_components/local_setup.dsv
[0.210s] -- Installing: /workspace/gsslam_backend/ros2_ws/install/zed_components/share/zed_components/package.dsv
[0.210s] -- Up-to-date: /workspace/gsslam_backend/ros2_ws/install/zed_components/share/ament_index/resource_index/packages/zed_components
[0.210s] -- Up-to-date: /workspace/gsslam_backend/ros2_ws/install/zed_components/share/ament_index/resource_index/rclcpp_components/zed_components
[0.210s] -- Up-to-date: /workspace/gsslam_backend/ros2_ws/install/zed_components/share/zed_components/cmake/ament_cmake_export_include_directories-extras.cmake
[0.210s] -- Up-to-date: /workspace/gsslam_backend/ros2_ws/install/zed_components/share/zed_components/cmake/ament_cmake_export_libraries-extras.cmake
[0.210s] -- Up-to-date: /workspace/gsslam_backend/ros2_ws/install/zed_components/share/zed_components/cmake/ament_cmake_export_dependencies-extras.cmake
[0.211s] -- Up-to-date: /workspace/gsslam_backend/ros2_ws/install/zed_components/share/zed_components/cmake/zed_componentsConfig.cmake
[0.211s] -- Up-to-date: /workspace/gsslam_backend/ros2_ws/install/zed_components/share/zed_components/cmake/zed_componentsConfig-version.cmake
[0.211s] -- Up-to-date: /workspace/gsslam_backend/ros2_ws/install/zed_components/share/zed_components/package.xml
[0.211s] Invoked command in '/workspace/gsslam_backend/ros2_ws/build/zed_components' returned '0': CMAKE_PREFIX_PATH=${CMAKE_PREFIX_PATH}:/workspace/gsslam_backend/ros2_ws/install/ros_tcp_endpoint:/workspace/gsslam_backend/ros2_ws/install/opencv_tests:/opt/ros/humble /usr/bin/cmake --install /workspace/gsslam_backend/ros2_ws/build/zed_components
