[0.154s] Invoking command in '/workspace/gsslam_backend/ros2_ws/build/vision_opencv': AMENT_PREFIX_PATH=/workspace/gsslam_backend/ros2_ws/install/image_geometry:/workspace/gsslam_backend/ros2_ws/install/cv_bridge:${AMENT_PREFIX_PATH} CMAKE_PREFIX_PATH=/workspace/gsslam_backend/ros2_ws/install/image_geometry:/workspace/gsslam_backend/ros2_ws/install/cv_bridge:/opt/ros/humble LD_LIBRARY_PATH=/workspace/gsslam_backend/ros2_ws/install/image_geometry/lib:/workspace/gsslam_backend/ros2_ws/install/cv_bridge/lib:${LD_LIBRARY_PATH} PYTHONPATH=/workspace/gsslam_backend/ros2_ws/install/image_geometry/local/lib/python3.10/dist-packages:/workspace/gsslam_backend/ros2_ws/install/cv_bridge/local/lib/python3.10/dist-packages:${PYTHONPATH} /usr/bin/cmake /workspace/gsslam_backend/ros2_ws/src/vision_opencv/vision_opencv -DCARTGS_ROOT_DIR=/workspace/gsslam_backend -DORB_SLAM3_ROOT_DIR=/workspace/gsslam_backend/third_party/ORB-SLAM3 -DOpenCV_DIR=/workspace/gsslam_backend/third_party/install/opencv/lib/cmake/opencv4 -DTorch_DIR=/usr/local/libtorch/share/cmake/Torch -DCMAKE_INSTALL_RPATH=/workspace/gsslam_backend/cartgs_ros_rolling/third_party/install/opencv/lib -DCMAKE_INSTALL_RPATH_USE_LINK_PATH=TRUE -DCMAKE_INSTALL_PREFIX=/workspace/gsslam_backend/ros2_ws/install/vision_opencv
[0.205s] -- The C compiler identification is GNU 11.4.0
[0.263s] -- The CXX compiler identification is GNU 11.4.0
[0.269s] -- Detecting C compiler ABI info
[0.334s] -- Detecting C compiler ABI info - done
[0.341s] -- Check for working C compiler: /usr/bin/cc - skipped
[0.341s] -- Detecting C compile features
[0.341s] -- Detecting C compile features - done
[0.344s] -- Detecting CXX compiler ABI info
[0.421s] -- Detecting CXX compiler ABI info - done
[0.430s] -- Check for working CXX compiler: /usr/bin/c++ - skipped
[0.430s] -- Detecting CXX compile features
[0.431s] -- Detecting CXX compile features - done
[0.433s] -- Found ament_cmake: 1.3.12 (/opt/ros/humble/share/ament_cmake/cmake)
[0.551s] -- Found Python3: /usr/bin/python3 (found version "3.10.12") found components: Interpreter 
[0.694s] -- Configuring done
[0.696s] -- Generating done
[0.696s] [33mCMake Warning:
[0.696s]   Manually-specified variables were not used by the project:
[0.696s] 
[0.696s]     CARTGS_ROOT_DIR
[0.696s]     CMAKE_INSTALL_RPATH
[0.697s]     CMAKE_INSTALL_RPATH_USE_LINK_PATH
[0.697s]     ORB_SLAM3_ROOT_DIR
[0.697s]     OpenCV_DIR
[0.697s]     Torch_DIR
[0.697s] 
[0.697s] [0m
[0.697s] -- Build files have been written to: /workspace/gsslam_backend/ros2_ws/build/vision_opencv
[0.701s] Invoked command in '/workspace/gsslam_backend/ros2_ws/build/vision_opencv' returned '0': AMENT_PREFIX_PATH=/workspace/gsslam_backend/ros2_ws/install/image_geometry:/workspace/gsslam_backend/ros2_ws/install/cv_bridge:${AMENT_PREFIX_PATH} CMAKE_PREFIX_PATH=/workspace/gsslam_backend/ros2_ws/install/image_geometry:/workspace/gsslam_backend/ros2_ws/install/cv_bridge:/opt/ros/humble LD_LIBRARY_PATH=/workspace/gsslam_backend/ros2_ws/install/image_geometry/lib:/workspace/gsslam_backend/ros2_ws/install/cv_bridge/lib:${LD_LIBRARY_PATH} PYTHONPATH=/workspace/gsslam_backend/ros2_ws/install/image_geometry/local/lib/python3.10/dist-packages:/workspace/gsslam_backend/ros2_ws/install/cv_bridge/local/lib/python3.10/dist-packages:${PYTHONPATH} /usr/bin/cmake /workspace/gsslam_backend/ros2_ws/src/vision_opencv/vision_opencv -DCARTGS_ROOT_DIR=/workspace/gsslam_backend -DORB_SLAM3_ROOT_DIR=/workspace/gsslam_backend/third_party/ORB-SLAM3 -DOpenCV_DIR=/workspace/gsslam_backend/third_party/install/opencv/lib/cmake/opencv4 -DTorch_DIR=/usr/local/libtorch/share/cmake/Torch -DCMAKE_INSTALL_RPATH=/workspace/gsslam_backend/cartgs_ros_rolling/third_party/install/opencv/lib -DCMAKE_INSTALL_RPATH_USE_LINK_PATH=TRUE -DCMAKE_INSTALL_PREFIX=/workspace/gsslam_backend/ros2_ws/install/vision_opencv
[0.703s] Invoking command in '/workspace/gsslam_backend/ros2_ws/build/vision_opencv': AMENT_PREFIX_PATH=/workspace/gsslam_backend/ros2_ws/install/image_geometry:/workspace/gsslam_backend/ros2_ws/install/cv_bridge:${AMENT_PREFIX_PATH} CMAKE_PREFIX_PATH=/workspace/gsslam_backend/ros2_ws/install/image_geometry:/workspace/gsslam_backend/ros2_ws/install/cv_bridge:/opt/ros/humble LD_LIBRARY_PATH=/workspace/gsslam_backend/ros2_ws/install/image_geometry/lib:/workspace/gsslam_backend/ros2_ws/install/cv_bridge/lib:${LD_LIBRARY_PATH} PYTHONPATH=/workspace/gsslam_backend/ros2_ws/install/image_geometry/local/lib/python3.10/dist-packages:/workspace/gsslam_backend/ros2_ws/install/cv_bridge/local/lib/python3.10/dist-packages:${PYTHONPATH} /usr/bin/cmake --build /workspace/gsslam_backend/ros2_ws/build/vision_opencv -- -j28 -l28
[0.747s] Invoked command in '/workspace/gsslam_backend/ros2_ws/build/vision_opencv' returned '0': AMENT_PREFIX_PATH=/workspace/gsslam_backend/ros2_ws/install/image_geometry:/workspace/gsslam_backend/ros2_ws/install/cv_bridge:${AMENT_PREFIX_PATH} CMAKE_PREFIX_PATH=/workspace/gsslam_backend/ros2_ws/install/image_geometry:/workspace/gsslam_backend/ros2_ws/install/cv_bridge:/opt/ros/humble LD_LIBRARY_PATH=/workspace/gsslam_backend/ros2_ws/install/image_geometry/lib:/workspace/gsslam_backend/ros2_ws/install/cv_bridge/lib:${LD_LIBRARY_PATH} PYTHONPATH=/workspace/gsslam_backend/ros2_ws/install/image_geometry/local/lib/python3.10/dist-packages:/workspace/gsslam_backend/ros2_ws/install/cv_bridge/local/lib/python3.10/dist-packages:${PYTHONPATH} /usr/bin/cmake --build /workspace/gsslam_backend/ros2_ws/build/vision_opencv -- -j28 -l28
[0.748s] Invoking command in '/workspace/gsslam_backend/ros2_ws/build/vision_opencv': AMENT_PREFIX_PATH=/workspace/gsslam_backend/ros2_ws/install/image_geometry:/workspace/gsslam_backend/ros2_ws/install/cv_bridge:${AMENT_PREFIX_PATH} CMAKE_PREFIX_PATH=/workspace/gsslam_backend/ros2_ws/install/image_geometry:/workspace/gsslam_backend/ros2_ws/install/cv_bridge:/opt/ros/humble LD_LIBRARY_PATH=/workspace/gsslam_backend/ros2_ws/install/image_geometry/lib:/workspace/gsslam_backend/ros2_ws/install/cv_bridge/lib:${LD_LIBRARY_PATH} PYTHONPATH=/workspace/gsslam_backend/ros2_ws/install/image_geometry/local/lib/python3.10/dist-packages:/workspace/gsslam_backend/ros2_ws/install/cv_bridge/local/lib/python3.10/dist-packages:${PYTHONPATH} /usr/bin/cmake --install /workspace/gsslam_backend/ros2_ws/build/vision_opencv
[0.757s] -- Install configuration: ""
[0.757s] -- Installing: /workspace/gsslam_backend/ros2_ws/install/vision_opencv/share/ament_index/resource_index/package_run_dependencies/vision_opencv
[0.758s] -- Installing: /workspace/gsslam_backend/ros2_ws/install/vision_opencv/share/ament_index/resource_index/parent_prefix_path/vision_opencv
[0.758s] -- Installing: /workspace/gsslam_backend/ros2_ws/install/vision_opencv/share/vision_opencv/environment/ament_prefix_path.sh
[0.758s] -- Installing: /workspace/gsslam_backend/ros2_ws/install/vision_opencv/share/vision_opencv/environment/ament_prefix_path.dsv
[0.758s] -- Installing: /workspace/gsslam_backend/ros2_ws/install/vision_opencv/share/vision_opencv/environment/path.sh
[0.758s] -- Installing: /workspace/gsslam_backend/ros2_ws/install/vision_opencv/share/vision_opencv/environment/path.dsv
[0.758s] -- Installing: /workspace/gsslam_backend/ros2_ws/install/vision_opencv/share/vision_opencv/local_setup.bash
[0.758s] -- Installing: /workspace/gsslam_backend/ros2_ws/install/vision_opencv/share/vision_opencv/local_setup.sh
[0.758s] -- Installing: /workspace/gsslam_backend/ros2_ws/install/vision_opencv/share/vision_opencv/local_setup.zsh
[0.758s] -- Installing: /workspace/gsslam_backend/ros2_ws/install/vision_opencv/share/vision_opencv/local_setup.dsv
[0.758s] -- Installing: /workspace/gsslam_backend/ros2_ws/install/vision_opencv/share/vision_opencv/package.dsv
[0.759s] -- Installing: /workspace/gsslam_backend/ros2_ws/install/vision_opencv/share/ament_index/resource_index/packages/vision_opencv
[0.759s] -- Installing: /workspace/gsslam_backend/ros2_ws/install/vision_opencv/share/vision_opencv/cmake/vision_opencvConfig.cmake
[0.759s] -- Installing: /workspace/gsslam_backend/ros2_ws/install/vision_opencv/share/vision_opencv/cmake/vision_opencvConfig-version.cmake
[0.759s] -- Installing: /workspace/gsslam_backend/ros2_ws/install/vision_opencv/share/vision_opencv/package.xml
[0.761s] Invoked command in '/workspace/gsslam_backend/ros2_ws/build/vision_opencv' returned '0': AMENT_PREFIX_PATH=/workspace/gsslam_backend/ros2_ws/install/image_geometry:/workspace/gsslam_backend/ros2_ws/install/cv_bridge:${AMENT_PREFIX_PATH} CMAKE_PREFIX_PATH=/workspace/gsslam_backend/ros2_ws/install/image_geometry:/workspace/gsslam_backend/ros2_ws/install/cv_bridge:/opt/ros/humble LD_LIBRARY_PATH=/workspace/gsslam_backend/ros2_ws/install/image_geometry/lib:/workspace/gsslam_backend/ros2_ws/install/cv_bridge/lib:${LD_LIBRARY_PATH} PYTHONPATH=/workspace/gsslam_backend/ros2_ws/install/image_geometry/local/lib/python3.10/dist-packages:/workspace/gsslam_backend/ros2_ws/install/cv_bridge/local/lib/python3.10/dist-packages:${PYTHONPATH} /usr/bin/cmake --install /workspace/gsslam_backend/ros2_ws/build/vision_opencv
