[35m[1mConsolidate compiler generated dependencies of target rgbd[0m
[ 25%] [32m[1mLinking CXX executable rgbd[0m
[100%] Built target rgbd
-- Install configuration: ""
-- Installing: /workspace/gsslam_backend/ros2_ws/install/orb_slam3_ros2_wrapper/lib/orb_slam3_ros2_wrapper/rgbd
-- Set runtime path of "/workspace/gsslam_backend/ros2_ws/install/orb_slam3_ros2_wrapper/lib/orb_slam3_ros2_wrapper/rgbd" to "/workspace/gsslam_backend/lib:/workspace/gsslam_backend/third_party/ORB-SLAM3/lib:/usr/local/cuda/lib64:/lib/intel64:/lib/intel64_win:/lib/win-x64:/workspace/gsslam_backend/ros2_ws/install/cv_bridge/lib:/opt/ros/humble/lib:/usr/local/libtorch/lib:/workspace/gsslam_backend/third_party/install/opencv/lib"
-- Up-to-date: /workspace/gsslam_backend/ros2_ws/install/orb_slam3_ros2_wrapper/share/orb_slam3_ros2_wrapper/launch
-- Up-to-date: /workspace/gsslam_backend/ros2_ws/install/orb_slam3_ros2_wrapper/share/orb_slam3_ros2_wrapper/launch/run_scanning.py
-- Up-to-date: /workspace/gsslam_backend/ros2_ws/install/orb_slam3_ros2_wrapper/share/ament_index/resource_index/package_run_dependencies/orb_slam3_ros2_wrapper
-- Up-to-date: /workspace/gsslam_backend/ros2_ws/install/orb_slam3_ros2_wrapper/share/ament_index/resource_index/parent_prefix_path/orb_slam3_ros2_wrapper
-- Up-to-date: /workspace/gsslam_backend/ros2_ws/install/orb_slam3_ros2_wrapper/share/orb_slam3_ros2_wrapper/environment/ament_prefix_path.sh
-- Up-to-date: /workspace/gsslam_backend/ros2_ws/install/orb_slam3_ros2_wrapper/share/orb_slam3_ros2_wrapper/environment/ament_prefix_path.dsv
-- Up-to-date: /workspace/gsslam_backend/ros2_ws/install/orb_slam3_ros2_wrapper/share/orb_slam3_ros2_wrapper/environment/path.sh
-- Up-to-date: /workspace/gsslam_backend/ros2_ws/install/orb_slam3_ros2_wrapper/share/orb_slam3_ros2_wrapper/environment/path.dsv
-- Up-to-date: /workspace/gsslam_backend/ros2_ws/install/orb_slam3_ros2_wrapper/share/orb_slam3_ros2_wrapper/local_setup.bash
-- Up-to-date: /workspace/gsslam_backend/ros2_ws/install/orb_slam3_ros2_wrapper/share/orb_slam3_ros2_wrapper/local_setup.sh
-- Up-to-date: /workspace/gsslam_backend/ros2_ws/install/orb_slam3_ros2_wrapper/share/orb_slam3_ros2_wrapper/local_setup.zsh
-- Up-to-date: /workspace/gsslam_backend/ros2_ws/install/orb_slam3_ros2_wrapper/share/orb_slam3_ros2_wrapper/local_setup.dsv
-- Installing: /workspace/gsslam_backend/ros2_ws/install/orb_slam3_ros2_wrapper/share/orb_slam3_ros2_wrapper/package.dsv
-- Up-to-date: /workspace/gsslam_backend/ros2_ws/install/orb_slam3_ros2_wrapper/share/ament_index/resource_index/packages/orb_slam3_ros2_wrapper
-- Up-to-date: /workspace/gsslam_backend/ros2_ws/install/orb_slam3_ros2_wrapper/share/orb_slam3_ros2_wrapper/cmake/orb_slam3_ros2_wrapperConfig.cmake
-- Up-to-date: /workspace/gsslam_backend/ros2_ws/install/orb_slam3_ros2_wrapper/share/orb_slam3_ros2_wrapper/cmake/orb_slam3_ros2_wrapperConfig-version.cmake
-- Up-to-date: /workspace/gsslam_backend/ros2_ws/install/orb_slam3_ros2_wrapper/share/orb_slam3_ros2_wrapper/package.xml
