[0.193s] Invoking command in '/workspace/gsslam_backend/ros2_ws/build/orb_slam3_ros2_wrapper': CMAKE_PREFIX_PATH=/workspace/gsslam_backend/ros2_ws/install/cv_bridge:/workspace/gsslam_backend/ros2_ws/install/zed_ros2:/workspace/gsslam_backend/ros2_ws/install/zed_wrapper:/workspace/gsslam_backend/ros2_ws/install/zed_components:/workspace/gsslam_backend/ros2_ws/install/vision_opencv:/workspace/gsslam_backend/ros2_ws/install/orb_slam3_ros2_wrapper:/workspace/gsslam_backend/ros2_ws/install/image_geometry:/workspace/gsslam_backend/ros2_ws/install/ros_tcp_endpoint:/workspace/gsslam_backend/ros2_ws/install/opencv_tests:/opt/ros/humble LD_LIBRARY_PATH=/workspace/gsslam_backend/ros2_ws/install/cv_bridge/lib:/workspace/gsslam_backend/ros2_ws/install/zed_components/lib:/workspace/gsslam_backend/ros2_ws/install/image_geometry/lib:/opt/ros/humble/lib/x86_64-linux-gnu:/opt/ros/humble/lib:/usr/local/nvidia/lib:/usr/local/nvidia/lib64 /usr/bin/cmake --build /workspace/gsslam_backend/ros2_ws/build/orb_slam3_ros2_wrapper -- -j28 -l28
[0.252s] [35m[1mConsolidate compiler generated dependencies of target rgbd[0m
[0.371s] [ 25%] [32m[1mLinking CXX executable rgbd[0m
[2.044s] [100%] Built target rgbd
[2.054s] Invoked command in '/workspace/gsslam_backend/ros2_ws/build/orb_slam3_ros2_wrapper' returned '0': CMAKE_PREFIX_PATH=/workspace/gsslam_backend/ros2_ws/install/cv_bridge:/workspace/gsslam_backend/ros2_ws/install/zed_ros2:/workspace/gsslam_backend/ros2_ws/install/zed_wrapper:/workspace/gsslam_backend/ros2_ws/install/zed_components:/workspace/gsslam_backend/ros2_ws/install/vision_opencv:/workspace/gsslam_backend/ros2_ws/install/orb_slam3_ros2_wrapper:/workspace/gsslam_backend/ros2_ws/install/image_geometry:/workspace/gsslam_backend/ros2_ws/install/ros_tcp_endpoint:/workspace/gsslam_backend/ros2_ws/install/opencv_tests:/opt/ros/humble LD_LIBRARY_PATH=/workspace/gsslam_backend/ros2_ws/install/cv_bridge/lib:/workspace/gsslam_backend/ros2_ws/install/zed_components/lib:/workspace/gsslam_backend/ros2_ws/install/image_geometry/lib:/opt/ros/humble/lib/x86_64-linux-gnu:/opt/ros/humble/lib:/usr/local/nvidia/lib:/usr/local/nvidia/lib64 /usr/bin/cmake --build /workspace/gsslam_backend/ros2_ws/build/orb_slam3_ros2_wrapper -- -j28 -l28
[2.056s] Invoking command in '/workspace/gsslam_backend/ros2_ws/build/orb_slam3_ros2_wrapper': CMAKE_PREFIX_PATH=/workspace/gsslam_backend/ros2_ws/install/cv_bridge:/workspace/gsslam_backend/ros2_ws/install/zed_ros2:/workspace/gsslam_backend/ros2_ws/install/zed_wrapper:/workspace/gsslam_backend/ros2_ws/install/zed_components:/workspace/gsslam_backend/ros2_ws/install/vision_opencv:/workspace/gsslam_backend/ros2_ws/install/orb_slam3_ros2_wrapper:/workspace/gsslam_backend/ros2_ws/install/image_geometry:/workspace/gsslam_backend/ros2_ws/install/ros_tcp_endpoint:/workspace/gsslam_backend/ros2_ws/install/opencv_tests:/opt/ros/humble LD_LIBRARY_PATH=/workspace/gsslam_backend/ros2_ws/install/cv_bridge/lib:/workspace/gsslam_backend/ros2_ws/install/zed_components/lib:/workspace/gsslam_backend/ros2_ws/install/image_geometry/lib:/opt/ros/humble/lib/x86_64-linux-gnu:/opt/ros/humble/lib:/usr/local/nvidia/lib:/usr/local/nvidia/lib64 /usr/bin/cmake --install /workspace/gsslam_backend/ros2_ws/build/orb_slam3_ros2_wrapper
[2.064s] -- Install configuration: ""
[2.064s] -- Installing: /workspace/gsslam_backend/ros2_ws/install/orb_slam3_ros2_wrapper/lib/orb_slam3_ros2_wrapper/rgbd
[2.071s] -- Set runtime path of "/workspace/gsslam_backend/ros2_ws/install/orb_slam3_ros2_wrapper/lib/orb_slam3_ros2_wrapper/rgbd" to "/workspace/gsslam_backend/lib:/workspace/gsslam_backend/third_party/ORB-SLAM3/lib:/usr/local/cuda/lib64:/lib/intel64:/lib/intel64_win:/lib/win-x64:/workspace/gsslam_backend/ros2_ws/install/cv_bridge/lib:/opt/ros/humble/lib:/usr/local/libtorch/lib:/workspace/gsslam_backend/third_party/install/opencv/lib"
[2.071s] -- Up-to-date: /workspace/gsslam_backend/ros2_ws/install/orb_slam3_ros2_wrapper/share/orb_slam3_ros2_wrapper/launch
[2.072s] -- Up-to-date: /workspace/gsslam_backend/ros2_ws/install/orb_slam3_ros2_wrapper/share/orb_slam3_ros2_wrapper/launch/run_scanning.py
[2.072s] -- Up-to-date: /workspace/gsslam_backend/ros2_ws/install/orb_slam3_ros2_wrapper/share/ament_index/resource_index/package_run_dependencies/orb_slam3_ros2_wrapper
[2.072s] -- Up-to-date: /workspace/gsslam_backend/ros2_ws/install/orb_slam3_ros2_wrapper/share/ament_index/resource_index/parent_prefix_path/orb_slam3_ros2_wrapper
[2.072s] -- Up-to-date: /workspace/gsslam_backend/ros2_ws/install/orb_slam3_ros2_wrapper/share/orb_slam3_ros2_wrapper/environment/ament_prefix_path.sh
[2.072s] -- Up-to-date: /workspace/gsslam_backend/ros2_ws/install/orb_slam3_ros2_wrapper/share/orb_slam3_ros2_wrapper/environment/ament_prefix_path.dsv
[2.072s] -- Up-to-date: /workspace/gsslam_backend/ros2_ws/install/orb_slam3_ros2_wrapper/share/orb_slam3_ros2_wrapper/environment/path.sh
[2.072s] -- Up-to-date: /workspace/gsslam_backend/ros2_ws/install/orb_slam3_ros2_wrapper/share/orb_slam3_ros2_wrapper/environment/path.dsv
[2.072s] -- Up-to-date: /workspace/gsslam_backend/ros2_ws/install/orb_slam3_ros2_wrapper/share/orb_slam3_ros2_wrapper/local_setup.bash
[2.072s] -- Up-to-date: /workspace/gsslam_backend/ros2_ws/install/orb_slam3_ros2_wrapper/share/orb_slam3_ros2_wrapper/local_setup.sh
[2.072s] -- Up-to-date: /workspace/gsslam_backend/ros2_ws/install/orb_slam3_ros2_wrapper/share/orb_slam3_ros2_wrapper/local_setup.zsh
[2.072s] -- Up-to-date: /workspace/gsslam_backend/ros2_ws/install/orb_slam3_ros2_wrapper/share/orb_slam3_ros2_wrapper/local_setup.dsv
[2.073s] -- Installing: /workspace/gsslam_backend/ros2_ws/install/orb_slam3_ros2_wrapper/share/orb_slam3_ros2_wrapper/package.dsv
[2.074s] -- Up-to-date: /workspace/gsslam_backend/ros2_ws/install/orb_slam3_ros2_wrapper/share/ament_index/resource_index/packages/orb_slam3_ros2_wrapper
[2.074s] -- Up-to-date: /workspace/gsslam_backend/ros2_ws/install/orb_slam3_ros2_wrapper/share/orb_slam3_ros2_wrapper/cmake/orb_slam3_ros2_wrapperConfig.cmake
[2.074s] -- Up-to-date: /workspace/gsslam_backend/ros2_ws/install/orb_slam3_ros2_wrapper/share/orb_slam3_ros2_wrapper/cmake/orb_slam3_ros2_wrapperConfig-version.cmake
[2.074s] -- Up-to-date: /workspace/gsslam_backend/ros2_ws/install/orb_slam3_ros2_wrapper/share/orb_slam3_ros2_wrapper/package.xml
[2.074s] Invoked command in '/workspace/gsslam_backend/ros2_ws/build/orb_slam3_ros2_wrapper' returned '0': CMAKE_PREFIX_PATH=/workspace/gsslam_backend/ros2_ws/install/cv_bridge:/workspace/gsslam_backend/ros2_ws/install/zed_ros2:/workspace/gsslam_backend/ros2_ws/install/zed_wrapper:/workspace/gsslam_backend/ros2_ws/install/zed_components:/workspace/gsslam_backend/ros2_ws/install/vision_opencv:/workspace/gsslam_backend/ros2_ws/install/orb_slam3_ros2_wrapper:/workspace/gsslam_backend/ros2_ws/install/image_geometry:/workspace/gsslam_backend/ros2_ws/install/ros_tcp_endpoint:/workspace/gsslam_backend/ros2_ws/install/opencv_tests:/opt/ros/humble LD_LIBRARY_PATH=/workspace/gsslam_backend/ros2_ws/install/cv_bridge/lib:/workspace/gsslam_backend/ros2_ws/install/zed_components/lib:/workspace/gsslam_backend/ros2_ws/install/image_geometry/lib:/opt/ros/humble/lib/x86_64-linux-gnu:/opt/ros/humble/lib:/usr/local/nvidia/lib:/usr/local/nvidia/lib64 /usr/bin/cmake --install /workspace/gsslam_backend/ros2_ws/build/orb_slam3_ros2_wrapper
