[0.007s] Invoking command in '/workspace/gsslam_backend/ros2_ws/build/zed_wrapper': AMENT_PREFIX_PATH=/workspace/gsslam_backend/ros2_ws/install/zed_components:${AMENT_PREFIX_PATH} CMAKE_PREFIX_PATH=/workspace/gsslam_backend/ros2_ws/install/zed_components:/opt/ros/humble LD_LIBRARY_PATH=/workspace/gsslam_backend/ros2_ws/install/zed_components/lib:${LD_LIBRARY_PATH} /usr/bin/cmake /workspace/gsslam_backend/ros2_ws/src/zed-ros2-wrapper/zed_wrapper -DCARTGS_ROOT_DIR=/workspace/gsslam_backend -DORB_SLAM3_ROOT_DIR=/workspace/gsslam_backend/third_party/ORB-SLAM3 -DOpenCV_DIR=/workspace/gsslam_backend/third_party/install/opencv/lib/cmake/opencv4 -DTorch_DIR=/usr/local/libtorch/share/cmake/Torch -DCMAKE_INSTALL_RPATH=/workspace/gsslam_backend/cartgs_ros_rolling/third_party/install/opencv/lib -DCMAKE_INSTALL_RPATH_USE_LINK_PATH=TRUE -DCMAKE_INSTALL_PREFIX=/workspace/gsslam_backend/ros2_ws/install/zed_wrapper
[0.053s] -- The C compiler identification is GNU 11.4.0
[0.094s] -- The CXX compiler identification is GNU 11.4.0
[0.100s] -- Detecting C compiler ABI info
[0.182s] -- Detecting C compiler ABI info - done
[0.192s] -- Check for working C compiler: /usr/bin/cc - skipped
[0.192s] -- Detecting C compile features
[0.193s] -- Detecting C compile features - done
[0.196s] -- Detecting CXX compiler ABI info
[0.275s] -- Detecting CXX compiler ABI info - done
[0.284s] -- Check for working CXX compiler: /usr/bin/c++ - skipped
[0.284s] -- Detecting CXX compile features
[0.285s] -- Detecting CXX compile features - done
[0.286s] -- Found ament_cmake_auto: 1.3.12 (/opt/ros/humble/share/ament_cmake_auto/cmake)
[0.414s] -- Found Python3: /usr/bin/python3 (found version "3.10.12") found components: Interpreter 
[0.535s] -- Found rosidl_generator_c: 3.1.7 (/opt/ros/humble/share/rosidl_generator_c/cmake)
[0.537s] -- Found rosidl_adapter: 3.1.7 (/opt/ros/humble/share/rosidl_adapter/cmake)
[0.541s] -- Found rosidl_generator_cpp: 3.1.7 (/opt/ros/humble/share/rosidl_generator_cpp/cmake)
[0.548s] -- Using all available rosidl_typesupport_c: rosidl_typesupport_fastrtps_c;rosidl_typesupport_introspection_c
[0.557s] -- Using all available rosidl_typesupport_cpp: rosidl_typesupport_fastrtps_cpp;rosidl_typesupport_introspection_cpp
[0.581s] -- Found rmw_implementation_cmake: 6.1.2 (/opt/ros/humble/share/rmw_implementation_cmake/cmake)
[0.582s] -- Found rmw_fastrtps_cpp: 6.2.8 (/opt/ros/humble/share/rmw_fastrtps_cpp/cmake)
[0.652s] -- Found OpenSSL: /usr/lib/x86_64-linux-gnu/libcrypto.so (found version "3.0.2")  
[0.669s] -- Found FastRTPS: /opt/ros/humble/include  
[0.693s] -- Using RMW implementation 'rmw_fastrtps_cpp' as default
[0.700s] -- Looking for pthread.h
[0.789s] -- Looking for pthread.h - found
[0.790s] -- Performing Test CMAKE_HAVE_LIBC_PTHREAD
[0.875s] -- Performing Test CMAKE_HAVE_LIBC_PTHREAD - Success
[0.877s] -- Found Threads: TRUE  
[1.002s] -- Found eigen3_cmake_module: 0.1.1 (/opt/ros/humble/share/eigen3_cmake_module/cmake)
[1.003s] -- Found Eigen3: TRUE (found version "3.4.0") 
[1.003s] -- Ensuring Eigen3 include directory is part of orocos-kdl CMake target
[1.128s] -- Configuring done
[1.130s] -- Generating done
[1.132s] [33mCMake Warning:
[1.132s]   Manually-specified variables were not used by the project:
[1.132s] 
[1.132s]     CARTGS_ROOT_DIR
[1.132s]     CMAKE_INSTALL_RPATH
[1.132s]     CMAKE_INSTALL_RPATH_USE_LINK_PATH
[1.132s]     ORB_SLAM3_ROOT_DIR
[1.132s]     OpenCV_DIR
[1.132s]     Torch_DIR
[1.132s] 
[1.132s] [0m
[1.132s] -- Build files have been written to: /workspace/gsslam_backend/ros2_ws/build/zed_wrapper
[1.139s] Invoked command in '/workspace/gsslam_backend/ros2_ws/build/zed_wrapper' returned '0': AMENT_PREFIX_PATH=/workspace/gsslam_backend/ros2_ws/install/zed_components:${AMENT_PREFIX_PATH} CMAKE_PREFIX_PATH=/workspace/gsslam_backend/ros2_ws/install/zed_components:/opt/ros/humble LD_LIBRARY_PATH=/workspace/gsslam_backend/ros2_ws/install/zed_components/lib:${LD_LIBRARY_PATH} /usr/bin/cmake /workspace/gsslam_backend/ros2_ws/src/zed-ros2-wrapper/zed_wrapper -DCARTGS_ROOT_DIR=/workspace/gsslam_backend -DORB_SLAM3_ROOT_DIR=/workspace/gsslam_backend/third_party/ORB-SLAM3 -DOpenCV_DIR=/workspace/gsslam_backend/third_party/install/opencv/lib/cmake/opencv4 -DTorch_DIR=/usr/local/libtorch/share/cmake/Torch -DCMAKE_INSTALL_RPATH=/workspace/gsslam_backend/cartgs_ros_rolling/third_party/install/opencv/lib -DCMAKE_INSTALL_RPATH_USE_LINK_PATH=TRUE -DCMAKE_INSTALL_PREFIX=/workspace/gsslam_backend/ros2_ws/install/zed_wrapper
[1.140s] Invoking command in '/workspace/gsslam_backend/ros2_ws/build/zed_wrapper': AMENT_PREFIX_PATH=/workspace/gsslam_backend/ros2_ws/install/zed_components:${AMENT_PREFIX_PATH} CMAKE_PREFIX_PATH=/workspace/gsslam_backend/ros2_ws/install/zed_components:/opt/ros/humble LD_LIBRARY_PATH=/workspace/gsslam_backend/ros2_ws/install/zed_components/lib:${LD_LIBRARY_PATH} /usr/bin/cmake --build /workspace/gsslam_backend/ros2_ws/build/zed_wrapper -- -j28 -l28
[1.171s] Invoked command in '/workspace/gsslam_backend/ros2_ws/build/zed_wrapper' returned '0': AMENT_PREFIX_PATH=/workspace/gsslam_backend/ros2_ws/install/zed_components:${AMENT_PREFIX_PATH} CMAKE_PREFIX_PATH=/workspace/gsslam_backend/ros2_ws/install/zed_components:/opt/ros/humble LD_LIBRARY_PATH=/workspace/gsslam_backend/ros2_ws/install/zed_components/lib:${LD_LIBRARY_PATH} /usr/bin/cmake --build /workspace/gsslam_backend/ros2_ws/build/zed_wrapper -- -j28 -l28
[1.173s] Invoking command in '/workspace/gsslam_backend/ros2_ws/build/zed_wrapper': AMENT_PREFIX_PATH=/workspace/gsslam_backend/ros2_ws/install/zed_components:${AMENT_PREFIX_PATH} CMAKE_PREFIX_PATH=/workspace/gsslam_backend/ros2_ws/install/zed_components:/opt/ros/humble LD_LIBRARY_PATH=/workspace/gsslam_backend/ros2_ws/install/zed_components/lib:${LD_LIBRARY_PATH} /usr/bin/cmake --install /workspace/gsslam_backend/ros2_ws/build/zed_wrapper
[1.178s] -- Install configuration: ""
[1.178s] -- Installing: /workspace/gsslam_backend/ros2_ws/install/zed_wrapper/share/zed_wrapper/config
[1.178s] -- Installing: /workspace/gsslam_backend/ros2_ws/install/zed_wrapper/share/zed_wrapper/config/common_mono.yaml
[1.178s] -- Installing: /workspace/gsslam_backend/ros2_ws/install/zed_wrapper/share/zed_wrapper/config/common_stereo.yaml
[1.179s] -- Installing: /workspace/gsslam_backend/ros2_ws/install/zed_wrapper/share/zed_wrapper/config/custom_object_detection.yaml
[1.179s] -- Installing: /workspace/gsslam_backend/ros2_ws/install/zed_wrapper/share/zed_wrapper/config/ffmpeg.yaml
[1.179s] -- Installing: /workspace/gsslam_backend/ros2_ws/install/zed_wrapper/share/zed_wrapper/config/object_detection.yaml
[1.179s] -- Installing: /workspace/gsslam_backend/ros2_ws/install/zed_wrapper/share/zed_wrapper/config/virtual.yaml
[1.179s] -- Installing: /workspace/gsslam_backend/ros2_ws/install/zed_wrapper/share/zed_wrapper/config/zed.yaml
[1.179s] -- Installing: /workspace/gsslam_backend/ros2_ws/install/zed_wrapper/share/zed_wrapper/config/zed2.yaml
[1.179s] -- Installing: /workspace/gsslam_backend/ros2_ws/install/zed_wrapper/share/zed_wrapper/config/zed2i.yaml
[1.179s] -- Installing: /workspace/gsslam_backend/ros2_ws/install/zed_wrapper/share/zed_wrapper/config/zedm.yaml
[1.179s] -- Installing: /workspace/gsslam_backend/ros2_ws/install/zed_wrapper/share/zed_wrapper/config/zedx.yaml
[1.179s] -- Installing: /workspace/gsslam_backend/ros2_ws/install/zed_wrapper/share/zed_wrapper/config/zedxm.yaml
[1.179s] -- Installing: /workspace/gsslam_backend/ros2_ws/install/zed_wrapper/share/zed_wrapper/config/zedxone4k.yaml
[1.180s] -- Installing: /workspace/gsslam_backend/ros2_ws/install/zed_wrapper/share/zed_wrapper/config/zedxonegs.yaml
[1.180s] -- Installing: /workspace/gsslam_backend/ros2_ws/install/zed_wrapper/share/zed_wrapper/urdf
[1.180s] -- Installing: /workspace/gsslam_backend/ros2_ws/install/zed_wrapper/share/zed_wrapper/urdf/include
[1.180s] -- Installing: /workspace/gsslam_backend/ros2_ws/install/zed_wrapper/share/zed_wrapper/urdf/include/materials.urdf.xacro
[1.180s] -- Installing: /workspace/gsslam_backend/ros2_ws/install/zed_wrapper/share/zed_wrapper/urdf/zed_descr.urdf.xacro
[1.180s] -- Installing: /workspace/gsslam_backend/ros2_ws/install/zed_wrapper/share/zed_wrapper/urdf/zed_macro.urdf.xacro
[1.180s] -- Installing: /workspace/gsslam_backend/ros2_ws/install/zed_wrapper/share/zed_wrapper/launch
[1.181s] -- Installing: /workspace/gsslam_backend/ros2_ws/install/zed_wrapper/share/zed_wrapper/launch/zed_camera.launch.py
[1.181s] -- Installing: /workspace/gsslam_backend/ros2_ws/install/zed_wrapper/share/ament_index/resource_index/package_run_dependencies/zed_wrapper
[1.182s] -- Installing: /workspace/gsslam_backend/ros2_ws/install/zed_wrapper/share/ament_index/resource_index/parent_prefix_path/zed_wrapper
[1.182s] -- Installing: /workspace/gsslam_backend/ros2_ws/install/zed_wrapper/share/zed_wrapper/environment/ament_prefix_path.sh
[1.182s] -- Installing: /workspace/gsslam_backend/ros2_ws/install/zed_wrapper/share/zed_wrapper/environment/ament_prefix_path.dsv
[1.182s] -- Installing: /workspace/gsslam_backend/ros2_ws/install/zed_wrapper/share/zed_wrapper/environment/path.sh
[1.182s] -- Installing: /workspace/gsslam_backend/ros2_ws/install/zed_wrapper/share/zed_wrapper/environment/path.dsv
[1.182s] -- Installing: /workspace/gsslam_backend/ros2_ws/install/zed_wrapper/share/zed_wrapper/local_setup.bash
[1.182s] -- Installing: /workspace/gsslam_backend/ros2_ws/install/zed_wrapper/share/zed_wrapper/local_setup.sh
[1.182s] -- Installing: /workspace/gsslam_backend/ros2_ws/install/zed_wrapper/share/zed_wrapper/local_setup.zsh
[1.183s] -- Installing: /workspace/gsslam_backend/ros2_ws/install/zed_wrapper/share/zed_wrapper/local_setup.dsv
[1.183s] -- Installing: /workspace/gsslam_backend/ros2_ws/install/zed_wrapper/share/zed_wrapper/package.dsv
[1.183s] -- Installing: /workspace/gsslam_backend/ros2_ws/install/zed_wrapper/share/ament_index/resource_index/packages/zed_wrapper
[1.183s] -- Installing: /workspace/gsslam_backend/ros2_ws/install/zed_wrapper/share/zed_wrapper/cmake/zed_wrapperConfig.cmake
[1.183s] -- Installing: /workspace/gsslam_backend/ros2_ws/install/zed_wrapper/share/zed_wrapper/cmake/zed_wrapperConfig-version.cmake
[1.183s] -- Installing: /workspace/gsslam_backend/ros2_ws/install/zed_wrapper/share/zed_wrapper/package.xml
[1.183s] Invoked command in '/workspace/gsslam_backend/ros2_ws/build/zed_wrapper' returned '0': AMENT_PREFIX_PATH=/workspace/gsslam_backend/ros2_ws/install/zed_components:${AMENT_PREFIX_PATH} CMAKE_PREFIX_PATH=/workspace/gsslam_backend/ros2_ws/install/zed_components:/opt/ros/humble LD_LIBRARY_PATH=/workspace/gsslam_backend/ros2_ws/install/zed_components/lib:${LD_LIBRARY_PATH} /usr/bin/cmake --install /workspace/gsslam_backend/ros2_ws/build/zed_wrapper
