[0.009s] Invoking command in '/workspace/gsslam_backend/ros2_ws/build/zed_components': CMAKE_PREFIX_PATH=/opt/ros/humble /usr/bin/cmake /workspace/gsslam_backend/ros2_ws/src/zed-ros2-wrapper/zed_components -DCARTGS_ROOT_DIR=/workspace/gsslam_backend -DORB_SLAM3_ROOT_DIR=/workspace/gsslam_backend/third_party/ORB-SLAM3 -DOpenCV_DIR=/workspace/gsslam_backend/third_party/install/opencv/lib/cmake/opencv4 -DTorch_DIR=/usr/local/libtorch/share/cmake/Torch -DCMAKE_INSTALL_RPATH=/workspace/gsslam_backend/cartgs_ros_rolling/third_party/install/opencv/lib -DCMAKE_INSTALL_RPATH_USE_LINK_PATH=TRUE -DCMAKE_INSTALL_PREFIX=/workspace/gsslam_backend/ros2_ws/install/zed_components
[0.055s] -- The C compiler identification is GNU 11.4.0
[0.094s] -- The CXX compiler identification is GNU 11.4.0
[0.101s] -- Detecting C compiler ABI info
[0.154s] -- Detecting C compiler ABI info - done
[0.161s] -- Check for working C compiler: /usr/bin/cc - skipped
[0.161s] -- Detecting C compile features
[0.162s] -- Detecting C compile features - done
[0.164s] -- Detecting CXX compiler ABI info
[0.227s] -- Detecting CXX compiler ABI info - done
[0.236s] -- Check for working CXX compiler: /usr/bin/c++ - skipped
[0.236s] -- Detecting CXX compile features
[0.236s] -- Detecting CXX compile features - done
[0.239s] -- Looking for sgemm_
[0.290s] -- Looking for sgemm_ - not found
[0.291s] -- Looking for pthread.h
[0.351s] -- Looking for pthread.h - found
[0.351s] -- Performing Test CMAKE_HAVE_LIBC_PTHREAD
[0.410s] -- Performing Test CMAKE_HAVE_LIBC_PTHREAD - Success
[0.410s] -- Found Threads: TRUE  
[0.421s] -- Looking for sgemm_
[0.500s] -- Looking for sgemm_ - found
[0.501s] -- Found BLAS: /usr/lib/x86_64-linux-gnu/libopenblas.so  
[0.517s] -- Found CUDA: /usr/local/cuda (found suitable version "12.1", minimum required is "12") 
[0.590s] -- Found CUDA: /usr/local/cuda (found version "12.1") 
[0.594s] -- Found ament_cmake_auto: 1.3.12 (/opt/ros/humble/share/ament_cmake_auto/cmake)
[0.741s] -- Found Python3: /usr/bin/python3 (found version "3.10.12") found components: Interpreter 
[0.870s] -- Found rosidl_generator_c: 3.1.7 (/opt/ros/humble/share/rosidl_generator_c/cmake)
[0.872s] -- Found rosidl_adapter: 3.1.7 (/opt/ros/humble/share/rosidl_adapter/cmake)
[0.878s] -- Found rosidl_generator_cpp: 3.1.7 (/opt/ros/humble/share/rosidl_generator_cpp/cmake)
[0.885s] -- Using all available rosidl_typesupport_c: rosidl_typesupport_fastrtps_c;rosidl_typesupport_introspection_c
[0.896s] -- Using all available rosidl_typesupport_cpp: rosidl_typesupport_fastrtps_cpp;rosidl_typesupport_introspection_cpp
[0.971s] -- Found rmw_implementation_cmake: 6.1.2 (/opt/ros/humble/share/rmw_implementation_cmake/cmake)
[0.972s] -- Found rmw_fastrtps_cpp: 6.2.8 (/opt/ros/humble/share/rmw_fastrtps_cpp/cmake)
[1.044s] -- Found OpenSSL: /usr/lib/x86_64-linux-gnu/libcrypto.so (found version "3.0.2")  
[1.059s] -- Found FastRTPS: /opt/ros/humble/include  
[1.084s] -- Using RMW implementation 'rmw_fastrtps_cpp' as default
[1.281s] -- Found eigen3_cmake_module: 0.1.1 (/opt/ros/humble/share/eigen3_cmake_module/cmake)
[1.282s] -- Found Eigen3: TRUE (found version "3.4.0") 
[1.282s] -- Ensuring Eigen3 include directory is part of orocos-kdl CMake target
[1.368s] -- Found ament_lint_auto: 0.12.14 (/opt/ros/humble/share/ament_lint_auto/cmake)
[1.390s] -- Added test 'copyright' to check source files copyright and LICENSE
[1.391s] -- Added test 'cppcheck' to perform static code analysis on C / C++ code
[1.391s] -- Configured cppcheck include dirs: /workspace/gsslam_backend/ros2_ws/src/zed-ros2-wrapper/zed_components/src/include;/workspace/gsslam_backend/ros2_ws/src/zed-ros2-wrapper/zed_components/src/zed_camera/include;/workspace/gsslam_backend/ros2_ws/src/zed-ros2-wrapper/zed_components/src/tools/include
[1.391s] -- Configured cppcheck exclude dirs and/or files: 
[1.392s] -- Added test 'lint_cmake' to check CMake code style
[1.393s] -- Added test 'uncrustify' to check C / C++ code style
[1.393s] -- Configured uncrustify additional arguments: 
[1.393s] -- Added test 'xmllint' to check XML markup files
[1.395s] -- Configuring done
[1.416s] -- Generating done
[1.417s] [33mCMake Warning:
[1.417s]   Manually-specified variables were not used by the project:
[1.418s] 
[1.418s]     CARTGS_ROOT_DIR
[1.418s]     ORB_SLAM3_ROOT_DIR
[1.418s]     OpenCV_DIR
[1.418s]     Torch_DIR
[1.418s] 
[1.418s] [0m
[1.423s] -- Build files have been written to: /workspace/gsslam_backend/ros2_ws/build/zed_components
[1.434s] Invoked command in '/workspace/gsslam_backend/ros2_ws/build/zed_components' returned '0': CMAKE_PREFIX_PATH=/opt/ros/humble /usr/bin/cmake /workspace/gsslam_backend/ros2_ws/src/zed-ros2-wrapper/zed_components -DCARTGS_ROOT_DIR=/workspace/gsslam_backend -DORB_SLAM3_ROOT_DIR=/workspace/gsslam_backend/third_party/ORB-SLAM3 -DOpenCV_DIR=/workspace/gsslam_backend/third_party/install/opencv/lib/cmake/opencv4 -DTorch_DIR=/usr/local/libtorch/share/cmake/Torch -DCMAKE_INSTALL_RPATH=/workspace/gsslam_backend/cartgs_ros_rolling/third_party/install/opencv/lib -DCMAKE_INSTALL_RPATH_USE_LINK_PATH=TRUE -DCMAKE_INSTALL_PREFIX=/workspace/gsslam_backend/ros2_ws/install/zed_components
[1.434s] Invoking command in '/workspace/gsslam_backend/ros2_ws/build/zed_components': CMAKE_PREFIX_PATH=/opt/ros/humble /usr/bin/cmake --build /workspace/gsslam_backend/ros2_ws/build/zed_components -- -j28 -l28
[1.485s] [ 26%] [32mBuilding CXX object CMakeFiles/zed_camera_one_component.dir/src/zed_camera/src/zed_camera_one_component.cpp.o[0m
[1.485s] [ 26%] [32mBuilding CXX object CMakeFiles/zed_camera_one_component.dir/src/tools/src/gnss_replay.cpp.o[0m
[1.485s] [ 26%] [32mBuilding CXX object CMakeFiles/zed_camera_one_component.dir/src/tools/src/sl_types.cpp.o[0m
[1.485s] [ 26%] [32mBuilding CXX object CMakeFiles/zed_camera_component.dir/src/tools/src/sl_win_avg.cpp.o[0m
[1.485s] [ 33%] [32mBuilding CXX object CMakeFiles/zed_camera_component.dir/src/zed_camera/src/zed_camera_component_main.cpp.o[0m
[1.485s] [ 40%] [32mBuilding CXX object CMakeFiles/zed_camera_component.dir/src/zed_camera/src/zed_camera_component_objdet.cpp.o[0m
[1.486s] [ 46%] [32mBuilding CXX object CMakeFiles/zed_camera_one_component.dir/src/tools/src/sl_tools.cpp.o[0m
[1.486s] [ 60%] [32mBuilding CXX object CMakeFiles/zed_camera_one_component.dir/src/tools/src/sl_win_avg.cpp.o[0m
[1.486s] [ 60%] [32mBuilding CXX object CMakeFiles/zed_camera_component.dir/src/tools/src/sl_tools.cpp.o[0m
[1.487s] [ 73%] [32mBuilding CXX object CMakeFiles/zed_camera_component.dir/src/tools/src/sl_types.cpp.o[0m
[1.487s] [ 73%] [32mBuilding CXX object CMakeFiles/zed_camera_component.dir/src/tools/src/gnss_replay.cpp.o[0m
[1.487s] [ 80%] [32mBuilding CXX object CMakeFiles/zed_camera_component.dir/src/zed_camera/src/zed_camera_component_video_depth.cpp.o[0m
[1.488s] [ 86%] [32mBuilding CXX object CMakeFiles/zed_camera_component.dir/src/zed_camera/src/zed_camera_component_bodytrk.cpp.o[0m
[16.441s] [ 93%] [32m[1mLinking CXX shared library libzed_camera_one_component.so[0m
[16.751s] [ 93%] Built target zed_camera_one_component
[42.855s] [100%] [32m[1mLinking CXX shared library libzed_camera_component.so[0m
[43.259s] [100%] Built target zed_camera_component
[43.268s] Invoked command in '/workspace/gsslam_backend/ros2_ws/build/zed_components' returned '0': CMAKE_PREFIX_PATH=/opt/ros/humble /usr/bin/cmake --build /workspace/gsslam_backend/ros2_ws/build/zed_components -- -j28 -l28
[43.269s] Invoking command in '/workspace/gsslam_backend/ros2_ws/build/zed_components': CMAKE_PREFIX_PATH=/opt/ros/humble /usr/bin/cmake --install /workspace/gsslam_backend/ros2_ws/build/zed_components
[43.275s] -- Install configuration: "Release"
[43.275s] -- Installing: /workspace/gsslam_backend/ros2_ws/install/zed_components/lib/libzed_camera_component.so
[43.282s] -- Set runtime path of "/workspace/gsslam_backend/ros2_ws/install/zed_components/lib/libzed_camera_component.so" to "/workspace/gsslam_backend/cartgs_ros_rolling/third_party/install/opencv/lib:/usr/local/zed/lib:/opt/ros/humble/lib/x86_64-linux-gnu:/opt/ros/humble/lib"
[43.282s] -- Installing: /workspace/gsslam_backend/ros2_ws/install/zed_components/lib/libzed_camera_one_component.so
[43.283s] -- Set runtime path of "/workspace/gsslam_backend/ros2_ws/install/zed_components/lib/libzed_camera_one_component.so" to "/workspace/gsslam_backend/cartgs_ros_rolling/third_party/install/opencv/lib:/usr/local/zed/lib:/opt/ros/humble/lib/x86_64-linux-gnu:/opt/ros/humble/lib"
[43.283s] -- Installing: /workspace/gsslam_backend/ros2_ws/install/zed_components/include/zed_components/
[43.283s] -- Installing: /workspace/gsslam_backend/ros2_ws/install/zed_components/include/zed_components//cost_traversability.hpp
[43.283s] -- Installing: /workspace/gsslam_backend/ros2_ws/install/zed_components/include/zed_components//zed_camera_component.hpp
[43.283s] -- Installing: /workspace/gsslam_backend/ros2_ws/install/zed_components/include/zed_components//zed_camera_one_component.hpp
[43.283s] -- Up-to-date: /workspace/gsslam_backend/ros2_ws/install/zed_components/include/zed_components/
[43.283s] -- Installing: /workspace/gsslam_backend/ros2_ws/install/zed_components/include/zed_components//gnss_replay.hpp
[43.283s] -- Installing: /workspace/gsslam_backend/ros2_ws/install/zed_components/include/zed_components//json.hpp
[43.284s] -- Installing: /workspace/gsslam_backend/ros2_ws/install/zed_components/include/zed_components//sl_logging.hpp
[43.284s] -- Installing: /workspace/gsslam_backend/ros2_ws/install/zed_components/include/zed_components//sl_tools.hpp
[43.284s] -- Installing: /workspace/gsslam_backend/ros2_ws/install/zed_components/include/zed_components//sl_types.hpp
[43.284s] -- Installing: /workspace/gsslam_backend/ros2_ws/install/zed_components/include/zed_components//sl_win_avg.hpp
[43.284s] -- Up-to-date: /workspace/gsslam_backend/ros2_ws/install/zed_components/include/zed_components/
[43.284s] -- Installing: /workspace/gsslam_backend/ros2_ws/install/zed_components/include/zed_components//visibility_control.hpp
[43.284s] -- Installing: /workspace/gsslam_backend/ros2_ws/install/zed_components/share/zed_components/environment/library_path.sh
[43.284s] -- Installing: /workspace/gsslam_backend/ros2_ws/install/zed_components/share/zed_components/environment/library_path.dsv
[43.284s] -- Installing: /workspace/gsslam_backend/ros2_ws/install/zed_components/share/ament_index/resource_index/package_run_dependencies/zed_components
[43.284s] -- Installing: /workspace/gsslam_backend/ros2_ws/install/zed_components/share/ament_index/resource_index/parent_prefix_path/zed_components
[43.284s] -- Installing: /workspace/gsslam_backend/ros2_ws/install/zed_components/share/zed_components/environment/ament_prefix_path.sh
[43.284s] -- Installing: /workspace/gsslam_backend/ros2_ws/install/zed_components/share/zed_components/environment/ament_prefix_path.dsv
[43.284s] -- Installing: /workspace/gsslam_backend/ros2_ws/install/zed_components/share/zed_components/environment/path.sh
[43.284s] -- Installing: /workspace/gsslam_backend/ros2_ws/install/zed_components/share/zed_components/environment/path.dsv
[43.284s] -- Installing: /workspace/gsslam_backend/ros2_ws/install/zed_components/share/zed_components/local_setup.bash
[43.284s] -- Installing: /workspace/gsslam_backend/ros2_ws/install/zed_components/share/zed_components/local_setup.sh
[43.284s] -- Installing: /workspace/gsslam_backend/ros2_ws/install/zed_components/share/zed_components/local_setup.zsh
[43.285s] -- Installing: /workspace/gsslam_backend/ros2_ws/install/zed_components/share/zed_components/local_setup.dsv
[43.285s] -- Installing: /workspace/gsslam_backend/ros2_ws/install/zed_components/share/zed_components/package.dsv
[43.285s] -- Installing: /workspace/gsslam_backend/ros2_ws/install/zed_components/share/ament_index/resource_index/packages/zed_components
[43.285s] -- Installing: /workspace/gsslam_backend/ros2_ws/install/zed_components/share/ament_index/resource_index/rclcpp_components/zed_components
[43.285s] -- Installing: /workspace/gsslam_backend/ros2_ws/install/zed_components/share/zed_components/cmake/ament_cmake_export_include_directories-extras.cmake
[43.285s] -- Installing: /workspace/gsslam_backend/ros2_ws/install/zed_components/share/zed_components/cmake/ament_cmake_export_libraries-extras.cmake
[43.285s] -- Installing: /workspace/gsslam_backend/ros2_ws/install/zed_components/share/zed_components/cmake/ament_cmake_export_dependencies-extras.cmake
[43.285s] -- Installing: /workspace/gsslam_backend/ros2_ws/install/zed_components/share/zed_components/cmake/zed_componentsConfig.cmake
[43.285s] -- Installing: /workspace/gsslam_backend/ros2_ws/install/zed_components/share/zed_components/cmake/zed_componentsConfig-version.cmake
[43.285s] -- Installing: /workspace/gsslam_backend/ros2_ws/install/zed_components/share/zed_components/package.xml
[43.287s] Invoked command in '/workspace/gsslam_backend/ros2_ws/build/zed_components' returned '0': CMAKE_PREFIX_PATH=/opt/ros/humble /usr/bin/cmake --install /workspace/gsslam_backend/ros2_ws/build/zed_components
