[0.011s] Invoking command in '/workspace/gsslam_backend/ros2_ws/build/zed_ros2': CMAKE_PREFIX_PATH=/workspace/gsslam_backend/ros2_ws/install/zed_wrapper:/workspace/gsslam_backend/ros2_ws/install/zed_components:/workspace/gsslam_backend/ros2_ws/install/zed_ros2:/workspace/gsslam_backend/ros2_ws/install/vision_opencv:/workspace/gsslam_backend/ros2_ws/install/orb_slam3_ros2_wrapper:/workspace/gsslam_backend/ros2_ws/install/image_geometry:/workspace/gsslam_backend/ros2_ws/install/cv_bridge:/workspace/gsslam_backend/ros2_ws/install/ros_tcp_endpoint:/workspace/gsslam_backend/ros2_ws/install/opencv_tests:/opt/ros/humble /usr/bin/cmake --build /workspace/gsslam_backend/ros2_ws/build/zed_ros2 -- -j28 -l28
[0.052s] Invoked command in '/workspace/gsslam_backend/ros2_ws/build/zed_ros2' returned '0': CMAKE_PREFIX_PATH=/workspace/gsslam_backend/ros2_ws/install/zed_wrapper:/workspace/gsslam_backend/ros2_ws/install/zed_components:/workspace/gsslam_backend/ros2_ws/install/zed_ros2:/workspace/gsslam_backend/ros2_ws/install/vision_opencv:/workspace/gsslam_backend/ros2_ws/install/orb_slam3_ros2_wrapper:/workspace/gsslam_backend/ros2_ws/install/image_geometry:/workspace/gsslam_backend/ros2_ws/install/cv_bridge:/workspace/gsslam_backend/ros2_ws/install/ros_tcp_endpoint:/workspace/gsslam_backend/ros2_ws/install/opencv_tests:/opt/ros/humble /usr/bin/cmake --build /workspace/gsslam_backend/ros2_ws/build/zed_ros2 -- -j28 -l28
[0.053s] Invoking command in '/workspace/gsslam_backend/ros2_ws/build/zed_ros2': CMAKE_PREFIX_PATH=/workspace/gsslam_backend/ros2_ws/install/zed_wrapper:/workspace/gsslam_backend/ros2_ws/install/zed_components:/workspace/gsslam_backend/ros2_ws/install/zed_ros2:/workspace/gsslam_backend/ros2_ws/install/vision_opencv:/workspace/gsslam_backend/ros2_ws/install/orb_slam3_ros2_wrapper:/workspace/gsslam_backend/ros2_ws/install/image_geometry:/workspace/gsslam_backend/ros2_ws/install/cv_bridge:/workspace/gsslam_backend/ros2_ws/install/ros_tcp_endpoint:/workspace/gsslam_backend/ros2_ws/install/opencv_tests:/opt/ros/humble /usr/bin/cmake --install /workspace/gsslam_backend/ros2_ws/build/zed_ros2
[0.061s] -- Install configuration: ""
[0.062s] -- Up-to-date: /workspace/gsslam_backend/ros2_ws/install/zed_ros2/share/ament_index/resource_index/package_run_dependencies/zed_ros2
[0.062s] -- Up-to-date: /workspace/gsslam_backend/ros2_ws/install/zed_ros2/share/ament_index/resource_index/parent_prefix_path/zed_ros2
[0.062s] -- Up-to-date: /workspace/gsslam_backend/ros2_ws/install/zed_ros2/share/zed_ros2/environment/ament_prefix_path.sh
[0.062s] -- Up-to-date: /workspace/gsslam_backend/ros2_ws/install/zed_ros2/share/zed_ros2/environment/ament_prefix_path.dsv
[0.062s] -- Up-to-date: /workspace/gsslam_backend/ros2_ws/install/zed_ros2/share/zed_ros2/environment/path.sh
[0.062s] -- Up-to-date: /workspace/gsslam_backend/ros2_ws/install/zed_ros2/share/zed_ros2/environment/path.dsv
[0.062s] -- Up-to-date: /workspace/gsslam_backend/ros2_ws/install/zed_ros2/share/zed_ros2/local_setup.bash
[0.062s] -- Up-to-date: /workspace/gsslam_backend/ros2_ws/install/zed_ros2/share/zed_ros2/local_setup.sh
[0.063s] -- Up-to-date: /workspace/gsslam_backend/ros2_ws/install/zed_ros2/share/zed_ros2/local_setup.zsh
[0.063s] -- Up-to-date: /workspace/gsslam_backend/ros2_ws/install/zed_ros2/share/zed_ros2/local_setup.dsv
[0.063s] -- Up-to-date: /workspace/gsslam_backend/ros2_ws/install/zed_ros2/share/zed_ros2/package.dsv
[0.064s] -- Up-to-date: /workspace/gsslam_backend/ros2_ws/install/zed_ros2/share/ament_index/resource_index/packages/zed_ros2
[0.065s] -- Up-to-date: /workspace/gsslam_backend/ros2_ws/install/zed_ros2/share/zed_ros2/cmake/zed_ros2Config.cmake
[0.065s] -- Up-to-date: /workspace/gsslam_backend/ros2_ws/install/zed_ros2/share/zed_ros2/cmake/zed_ros2Config-version.cmake
[0.065s] -- Up-to-date: /workspace/gsslam_backend/ros2_ws/install/zed_ros2/share/zed_ros2/package.xml
[0.066s] Invoked command in '/workspace/gsslam_backend/ros2_ws/build/zed_ros2' returned '0': CMAKE_PREFIX_PATH=/workspace/gsslam_backend/ros2_ws/install/zed_wrapper:/workspace/gsslam_backend/ros2_ws/install/zed_components:/workspace/gsslam_backend/ros2_ws/install/zed_ros2:/workspace/gsslam_backend/ros2_ws/install/vision_opencv:/workspace/gsslam_backend/ros2_ws/install/orb_slam3_ros2_wrapper:/workspace/gsslam_backend/ros2_ws/install/image_geometry:/workspace/gsslam_backend/ros2_ws/install/cv_bridge:/workspace/gsslam_backend/ros2_ws/install/ros_tcp_endpoint:/workspace/gsslam_backend/ros2_ws/install/opencv_tests:/opt/ros/humble /usr/bin/cmake --install /workspace/gsslam_backend/ros2_ws/build/zed_ros2
