[0.194s] Invoking command in '/workspace/gsslam_backend/ros2_ws/build/vision_opencv': CMAKE_PREFIX_PATH=/workspace/gsslam_backend/ros2_ws/install/image_geometry:/workspace/gsslam_backend/ros2_ws/install/cv_bridge:/workspace/gsslam_backend/ros2_ws/install/zed_ros2:/workspace/gsslam_backend/ros2_ws/install/zed_wrapper:/workspace/gsslam_backend/ros2_ws/install/zed_components:/workspace/gsslam_backend/ros2_ws/install/vision_opencv:/workspace/gsslam_backend/ros2_ws/install/orb_slam3_ros2_wrapper:/workspace/gsslam_backend/ros2_ws/install/ros_tcp_endpoint:/workspace/gsslam_backend/ros2_ws/install/opencv_tests:/opt/ros/humble LD_LIBRARY_PATH=/workspace/gsslam_backend/ros2_ws/install/image_geometry/lib:/workspace/gsslam_backend/ros2_ws/install/cv_bridge/lib:/workspace/gsslam_backend/ros2_ws/install/zed_components/lib:/opt/ros/humble/lib/x86_64-linux-gnu:/opt/ros/humble/lib:/usr/local/nvidia/lib:/usr/local/nvidia/lib64 /usr/bin/cmake --build /workspace/gsslam_backend/ros2_ws/build/vision_opencv -- -j28 -l28
[0.235s] Invoked command in '/workspace/gsslam_backend/ros2_ws/build/vision_opencv' returned '0': CMAKE_PREFIX_PATH=/workspace/gsslam_backend/ros2_ws/install/image_geometry:/workspace/gsslam_backend/ros2_ws/install/cv_bridge:/workspace/gsslam_backend/ros2_ws/install/zed_ros2:/workspace/gsslam_backend/ros2_ws/install/zed_wrapper:/workspace/gsslam_backend/ros2_ws/install/zed_components:/workspace/gsslam_backend/ros2_ws/install/vision_opencv:/workspace/gsslam_backend/ros2_ws/install/orb_slam3_ros2_wrapper:/workspace/gsslam_backend/ros2_ws/install/ros_tcp_endpoint:/workspace/gsslam_backend/ros2_ws/install/opencv_tests:/opt/ros/humble LD_LIBRARY_PATH=/workspace/gsslam_backend/ros2_ws/install/image_geometry/lib:/workspace/gsslam_backend/ros2_ws/install/cv_bridge/lib:/workspace/gsslam_backend/ros2_ws/install/zed_components/lib:/opt/ros/humble/lib/x86_64-linux-gnu:/opt/ros/humble/lib:/usr/local/nvidia/lib:/usr/local/nvidia/lib64 /usr/bin/cmake --build /workspace/gsslam_backend/ros2_ws/build/vision_opencv -- -j28 -l28
[0.236s] Invoking command in '/workspace/gsslam_backend/ros2_ws/build/vision_opencv': CMAKE_PREFIX_PATH=/workspace/gsslam_backend/ros2_ws/install/image_geometry:/workspace/gsslam_backend/ros2_ws/install/cv_bridge:/workspace/gsslam_backend/ros2_ws/install/zed_ros2:/workspace/gsslam_backend/ros2_ws/install/zed_wrapper:/workspace/gsslam_backend/ros2_ws/install/zed_components:/workspace/gsslam_backend/ros2_ws/install/vision_opencv:/workspace/gsslam_backend/ros2_ws/install/orb_slam3_ros2_wrapper:/workspace/gsslam_backend/ros2_ws/install/ros_tcp_endpoint:/workspace/gsslam_backend/ros2_ws/install/opencv_tests:/opt/ros/humble LD_LIBRARY_PATH=/workspace/gsslam_backend/ros2_ws/install/image_geometry/lib:/workspace/gsslam_backend/ros2_ws/install/cv_bridge/lib:/workspace/gsslam_backend/ros2_ws/install/zed_components/lib:/opt/ros/humble/lib/x86_64-linux-gnu:/opt/ros/humble/lib:/usr/local/nvidia/lib:/usr/local/nvidia/lib64 /usr/bin/cmake --install /workspace/gsslam_backend/ros2_ws/build/vision_opencv
[0.242s] -- Install configuration: ""
[0.242s] -- Up-to-date: /workspace/gsslam_backend/ros2_ws/install/vision_opencv/share/ament_index/resource_index/package_run_dependencies/vision_opencv
[0.242s] -- Up-to-date: /workspace/gsslam_backend/ros2_ws/install/vision_opencv/share/ament_index/resource_index/parent_prefix_path/vision_opencv
[0.242s] -- Up-to-date: /workspace/gsslam_backend/ros2_ws/install/vision_opencv/share/vision_opencv/environment/ament_prefix_path.sh
[0.242s] -- Up-to-date: /workspace/gsslam_backend/ros2_ws/install/vision_opencv/share/vision_opencv/environment/ament_prefix_path.dsv
[0.242s] -- Up-to-date: /workspace/gsslam_backend/ros2_ws/install/vision_opencv/share/vision_opencv/environment/path.sh
[0.243s] -- Up-to-date: /workspace/gsslam_backend/ros2_ws/install/vision_opencv/share/vision_opencv/environment/path.dsv
[0.243s] -- Up-to-date: /workspace/gsslam_backend/ros2_ws/install/vision_opencv/share/vision_opencv/local_setup.bash
[0.243s] -- Up-to-date: /workspace/gsslam_backend/ros2_ws/install/vision_opencv/share/vision_opencv/local_setup.sh
[0.243s] -- Up-to-date: /workspace/gsslam_backend/ros2_ws/install/vision_opencv/share/vision_opencv/local_setup.zsh
[0.243s] -- Up-to-date: /workspace/gsslam_backend/ros2_ws/install/vision_opencv/share/vision_opencv/local_setup.dsv
[0.243s] -- Up-to-date: /workspace/gsslam_backend/ros2_ws/install/vision_opencv/share/vision_opencv/package.dsv
[0.243s] -- Up-to-date: /workspace/gsslam_backend/ros2_ws/install/vision_opencv/share/ament_index/resource_index/packages/vision_opencv
[0.243s] -- Up-to-date: /workspace/gsslam_backend/ros2_ws/install/vision_opencv/share/vision_opencv/cmake/vision_opencvConfig.cmake
[0.243s] -- Up-to-date: /workspace/gsslam_backend/ros2_ws/install/vision_opencv/share/vision_opencv/cmake/vision_opencvConfig-version.cmake
[0.243s] -- Up-to-date: /workspace/gsslam_backend/ros2_ws/install/vision_opencv/share/vision_opencv/package.xml
[0.244s] Invoked command in '/workspace/gsslam_backend/ros2_ws/build/vision_opencv' returned '0': CMAKE_PREFIX_PATH=/workspace/gsslam_backend/ros2_ws/install/image_geometry:/workspace/gsslam_backend/ros2_ws/install/cv_bridge:/workspace/gsslam_backend/ros2_ws/install/zed_ros2:/workspace/gsslam_backend/ros2_ws/install/zed_wrapper:/workspace/gsslam_backend/ros2_ws/install/zed_components:/workspace/gsslam_backend/ros2_ws/install/vision_opencv:/workspace/gsslam_backend/ros2_ws/install/orb_slam3_ros2_wrapper:/workspace/gsslam_backend/ros2_ws/install/ros_tcp_endpoint:/workspace/gsslam_backend/ros2_ws/install/opencv_tests:/opt/ros/humble LD_LIBRARY_PATH=/workspace/gsslam_backend/ros2_ws/install/image_geometry/lib:/workspace/gsslam_backend/ros2_ws/install/cv_bridge/lib:/workspace/gsslam_backend/ros2_ws/install/zed_components/lib:/opt/ros/humble/lib/x86_64-linux-gnu:/opt/ros/humble/lib:/usr/local/nvidia/lib:/usr/local/nvidia/lib64 /usr/bin/cmake --install /workspace/gsslam_backend/ros2_ws/build/vision_opencv
