[35m[1mConsolidate compiler generated dependencies of target gtest[0m
[35m[1mConsolidate compiler generated dependencies of target gtest_main[0m
[35m[1mConsolidate compiler generated dependencies of target cv_bridge[0m
[ 12%] Built target gtest
[ 25%] Built target gtest_main
[ 25%] Built target ament_cmake_python_copy_cv_bridge
[ 31%] [32m[1mLinking CXX shared library libcv_bridge.so[0m
[ 43%] Built target cv_bridge
[35m[1mConsolidate compiler generated dependencies of target cv_bridge-utest[0m
[35m[1mConsolidate compiler generated dependencies of target cv_bridge_boost[0m
running egg_info
writing cv_bridge.egg-info/PKG-INFO
writing dependency_links to cv_bridge.egg-info/dependency_links.txt
writing top-level names to cv_bridge.egg-info/top_level.txt
reading manifest file 'cv_bridge.egg-info/SOURCES.txt'
writing manifest file 'cv_bridge.egg-info/SOURCES.txt'
[ 50%] [32m[1mLinking CXX executable cv_bridge-utest[0m
[ 50%] Built target ament_cmake_python_build_cv_bridge_egg
[ 56%] [32m[1mLinking CXX shared module boost/cv_bridge_boost.so[0m
[ 68%] Built target cv_bridge_boost
[100%] Built target cv_bridge-utest
-- Install configuration: ""
-- Up-to-date: /workspace/gsslam_backend/ros2_ws/install/cv_bridge/share/cv_bridge/environment/pythonpath.sh
-- Up-to-date: /workspace/gsslam_backend/ros2_ws/install/cv_bridge/share/cv_bridge/environment/pythonpath.dsv
-- Up-to-date: /workspace/gsslam_backend/ros2_ws/install/cv_bridge/local/lib/python3.10/dist-packages/cv_bridge-3.2.1-py3.10.egg-info
-- Installing: /workspace/gsslam_backend/ros2_ws/install/cv_bridge/local/lib/python3.10/dist-packages/cv_bridge-3.2.1-py3.10.egg-info/PKG-INFO
-- Installing: /workspace/gsslam_backend/ros2_ws/install/cv_bridge/local/lib/python3.10/dist-packages/cv_bridge-3.2.1-py3.10.egg-info/dependency_links.txt
-- Installing: /workspace/gsslam_backend/ros2_ws/install/cv_bridge/local/lib/python3.10/dist-packages/cv_bridge-3.2.1-py3.10.egg-info/top_level.txt
-- Installing: /workspace/gsslam_backend/ros2_ws/install/cv_bridge/local/lib/python3.10/dist-packages/cv_bridge-3.2.1-py3.10.egg-info/SOURCES.txt
-- Up-to-date: /workspace/gsslam_backend/ros2_ws/install/cv_bridge/local/lib/python3.10/dist-packages/cv_bridge
-- Up-to-date: /workspace/gsslam_backend/ros2_ws/install/cv_bridge/local/lib/python3.10/dist-packages/cv_bridge/__init__.py
-- Up-to-date: /workspace/gsslam_backend/ros2_ws/install/cv_bridge/local/lib/python3.10/dist-packages/cv_bridge/core.py
Listing '/workspace/gsslam_backend/ros2_ws/install/cv_bridge/local/lib/python3.10/dist-packages/cv_bridge'...
Listing '/workspace/gsslam_backend/ros2_ws/install/cv_bridge/local/lib/python3.10/dist-packages/cv_bridge/boost'...
-- Installing: /workspace/gsslam_backend/ros2_ws/install/cv_bridge/lib/libcv_bridge.so
-- Set runtime path of "/workspace/gsslam_backend/ros2_ws/install/cv_bridge/lib/libcv_bridge.so" to "/workspace/gsslam_backend/cartgs_ros_rolling/third_party/install/opencv/lib:/usr/local/cuda/lib64:/opt/ros/humble/lib:/workspace/gsslam_backend/third_party/install/opencv/lib"
-- Up-to-date: /workspace/gsslam_backend/ros2_ws/install/cv_bridge/include/cv_bridge/cv_bridge/cv_bridge_export.h
-- Installing: /workspace/gsslam_backend/ros2_ws/install/cv_bridge/local/lib/python3.10/dist-packages/cv_bridge/boost/cv_bridge_boost.so
-- Set runtime path of "/workspace/gsslam_backend/ros2_ws/install/cv_bridge/local/lib/python3.10/dist-packages/cv_bridge/boost/cv_bridge_boost.so" to "/workspace/gsslam_backend/cartgs_ros_rolling/third_party/install/opencv/lib:/usr/local/cuda/lib64:/opt/ros/humble/lib:/workspace/gsslam_backend/third_party/install/opencv/lib"
-- Up-to-date: /workspace/gsslam_backend/ros2_ws/install/cv_bridge/include/cv_bridge
-- Up-to-date: /workspace/gsslam_backend/ros2_ws/install/cv_bridge/include/cv_bridge/cv_bridge
-- Up-to-date: /workspace/gsslam_backend/ros2_ws/install/cv_bridge/include/cv_bridge/cv_bridge/cv_bridge.h
-- Up-to-date: /workspace/gsslam_backend/ros2_ws/install/cv_bridge/include/cv_bridge/cv_bridge/rgb_colors.h
-- Up-to-date: /workspace/gsslam_backend/ros2_ws/install/cv_bridge/lib/libcv_bridge.so
-- Up-to-date: /workspace/gsslam_backend/ros2_ws/install/cv_bridge/share/ament_index/resource_index/package_run_dependencies/cv_bridge
-- Up-to-date: /workspace/gsslam_backend/ros2_ws/install/cv_bridge/share/ament_index/resource_index/parent_prefix_path/cv_bridge
-- Up-to-date: /workspace/gsslam_backend/ros2_ws/install/cv_bridge/share/cv_bridge/environment/ament_prefix_path.sh
-- Up-to-date: /workspace/gsslam_backend/ros2_ws/install/cv_bridge/share/cv_bridge/environment/ament_prefix_path.dsv
-- Up-to-date: /workspace/gsslam_backend/ros2_ws/install/cv_bridge/share/cv_bridge/environment/path.sh
-- Up-to-date: /workspace/gsslam_backend/ros2_ws/install/cv_bridge/share/cv_bridge/environment/path.dsv
-- Up-to-date: /workspace/gsslam_backend/ros2_ws/install/cv_bridge/share/cv_bridge/local_setup.bash
-- Up-to-date: /workspace/gsslam_backend/ros2_ws/install/cv_bridge/share/cv_bridge/local_setup.sh
-- Up-to-date: /workspace/gsslam_backend/ros2_ws/install/cv_bridge/share/cv_bridge/local_setup.zsh
-- Up-to-date: /workspace/gsslam_backend/ros2_ws/install/cv_bridge/share/cv_bridge/local_setup.dsv
-- Installing: /workspace/gsslam_backend/ros2_ws/install/cv_bridge/share/cv_bridge/package.dsv
-- Up-to-date: /workspace/gsslam_backend/ros2_ws/install/cv_bridge/share/ament_index/resource_index/packages/cv_bridge
-- Up-to-date: /workspace/gsslam_backend/ros2_ws/install/cv_bridge/share/cv_bridge/cmake/export_cv_bridgeExport.cmake
-- Up-to-date: /workspace/gsslam_backend/ros2_ws/install/cv_bridge/share/cv_bridge/cmake/export_cv_bridgeExport-noconfig.cmake
-- Up-to-date: /workspace/gsslam_backend/ros2_ws/install/cv_bridge/share/cv_bridge/cmake/cv_bridge-extras.cmake
-- Up-to-date: /workspace/gsslam_backend/ros2_ws/install/cv_bridge/share/cv_bridge/cmake/ament_cmake_export_dependencies-extras.cmake
-- Up-to-date: /workspace/gsslam_backend/ros2_ws/install/cv_bridge/share/cv_bridge/cmake/ament_cmake_export_targets-extras.cmake
-- Up-to-date: /workspace/gsslam_backend/ros2_ws/install/cv_bridge/share/cv_bridge/cmake/cv_bridgeConfig.cmake
-- Up-to-date: /workspace/gsslam_backend/ros2_ws/install/cv_bridge/share/cv_bridge/cmake/cv_bridgeConfig-version.cmake
-- Up-to-date: /workspace/gsslam_backend/ros2_ws/install/cv_bridge/share/cv_bridge/package.xml
