[0.013s] Invoking command in '/workspace/gsslam_backend/ros2_ws/build/cv_bridge': CMAKE_PREFIX_PATH=${CMAKE_PREFIX_PATH}:/workspace/gsslam_backend/ros2_ws/install/ros_tcp_endpoint:/workspace/gsslam_backend/ros2_ws/install/opencv_tests:/opt/ros/humble /usr/bin/cmake --build /workspace/gsslam_backend/ros2_ws/build/cv_bridge -- -j28 -l28
[0.043s] [35m[1mConsolidate compiler generated dependencies of target gtest[0m
[0.044s] [35m[1mConsolidate compiler generated dependencies of target gtest_main[0m
[0.044s] [35m[1mConsolidate compiler generated dependencies of target cv_bridge[0m
[0.059s] [ 12%] Built target gtest
[0.060s] [ 25%] Built target gtest_main
[0.065s] [ 25%] Built target ament_cmake_python_copy_cv_bridge
[0.073s] [ 31%] [32m[1mLinking CXX shared library libcv_bridge.so[0m
[0.200s] [ 43%] Built target cv_bridge
[0.213s] [35m[1mConsolidate compiler generated dependencies of target cv_bridge-utest[0m
[0.215s] [35m[1mConsolidate compiler generated dependencies of target cv_bridge_boost[0m
[0.215s] running egg_info
[0.215s] writing cv_bridge.egg-info/PKG-INFO
[0.215s] writing dependency_links to cv_bridge.egg-info/dependency_links.txt
[0.215s] writing top-level names to cv_bridge.egg-info/top_level.txt
[0.216s] reading manifest file 'cv_bridge.egg-info/SOURCES.txt'
[0.216s] writing manifest file 'cv_bridge.egg-info/SOURCES.txt'
[0.232s] [ 50%] [32m[1mLinking CXX executable cv_bridge-utest[0m
[0.236s] [ 50%] Built target ament_cmake_python_build_cv_bridge_egg
[0.248s] [ 56%] [32m[1mLinking CXX shared module boost/cv_bridge_boost.so[0m
[0.377s] [ 68%] Built target cv_bridge_boost
[0.440s] [100%] Built target cv_bridge-utest
[0.452s] Invoked command in '/workspace/gsslam_backend/ros2_ws/build/cv_bridge' returned '0': CMAKE_PREFIX_PATH=${CMAKE_PREFIX_PATH}:/workspace/gsslam_backend/ros2_ws/install/ros_tcp_endpoint:/workspace/gsslam_backend/ros2_ws/install/opencv_tests:/opt/ros/humble /usr/bin/cmake --build /workspace/gsslam_backend/ros2_ws/build/cv_bridge -- -j28 -l28
[0.454s] Invoking command in '/workspace/gsslam_backend/ros2_ws/build/cv_bridge': CMAKE_PREFIX_PATH=${CMAKE_PREFIX_PATH}:/workspace/gsslam_backend/ros2_ws/install/ros_tcp_endpoint:/workspace/gsslam_backend/ros2_ws/install/opencv_tests:/opt/ros/humble /usr/bin/cmake --install /workspace/gsslam_backend/ros2_ws/build/cv_bridge
[0.463s] -- Install configuration: ""
[0.464s] -- Up-to-date: /workspace/gsslam_backend/ros2_ws/install/cv_bridge/share/cv_bridge/environment/pythonpath.sh
[0.464s] -- Up-to-date: /workspace/gsslam_backend/ros2_ws/install/cv_bridge/share/cv_bridge/environment/pythonpath.dsv
[0.464s] -- Up-to-date: /workspace/gsslam_backend/ros2_ws/install/cv_bridge/local/lib/python3.10/dist-packages/cv_bridge-3.2.1-py3.10.egg-info
[0.464s] -- Installing: /workspace/gsslam_backend/ros2_ws/install/cv_bridge/local/lib/python3.10/dist-packages/cv_bridge-3.2.1-py3.10.egg-info/PKG-INFO
[0.464s] -- Installing: /workspace/gsslam_backend/ros2_ws/install/cv_bridge/local/lib/python3.10/dist-packages/cv_bridge-3.2.1-py3.10.egg-info/dependency_links.txt
[0.464s] -- Installing: /workspace/gsslam_backend/ros2_ws/install/cv_bridge/local/lib/python3.10/dist-packages/cv_bridge-3.2.1-py3.10.egg-info/top_level.txt
[0.464s] -- Installing: /workspace/gsslam_backend/ros2_ws/install/cv_bridge/local/lib/python3.10/dist-packages/cv_bridge-3.2.1-py3.10.egg-info/SOURCES.txt
[0.464s] -- Up-to-date: /workspace/gsslam_backend/ros2_ws/install/cv_bridge/local/lib/python3.10/dist-packages/cv_bridge
[0.464s] -- Up-to-date: /workspace/gsslam_backend/ros2_ws/install/cv_bridge/local/lib/python3.10/dist-packages/cv_bridge/__init__.py
[0.464s] -- Up-to-date: /workspace/gsslam_backend/ros2_ws/install/cv_bridge/local/lib/python3.10/dist-packages/cv_bridge/core.py
[0.498s] Listing '/workspace/gsslam_backend/ros2_ws/install/cv_bridge/local/lib/python3.10/dist-packages/cv_bridge'...
[0.498s] Listing '/workspace/gsslam_backend/ros2_ws/install/cv_bridge/local/lib/python3.10/dist-packages/cv_bridge/boost'...
[0.503s] -- Installing: /workspace/gsslam_backend/ros2_ws/install/cv_bridge/lib/libcv_bridge.so
[0.505s] -- Set runtime path of "/workspace/gsslam_backend/ros2_ws/install/cv_bridge/lib/libcv_bridge.so" to "/workspace/gsslam_backend/cartgs_ros_rolling/third_party/install/opencv/lib:/usr/local/cuda/lib64:/opt/ros/humble/lib:/workspace/gsslam_backend/third_party/install/opencv/lib"
[0.505s] -- Up-to-date: /workspace/gsslam_backend/ros2_ws/install/cv_bridge/include/cv_bridge/cv_bridge/cv_bridge_export.h
[0.505s] -- Installing: /workspace/gsslam_backend/ros2_ws/install/cv_bridge/local/lib/python3.10/dist-packages/cv_bridge/boost/cv_bridge_boost.so
[0.506s] -- Set runtime path of "/workspace/gsslam_backend/ros2_ws/install/cv_bridge/local/lib/python3.10/dist-packages/cv_bridge/boost/cv_bridge_boost.so" to "/workspace/gsslam_backend/cartgs_ros_rolling/third_party/install/opencv/lib:/usr/local/cuda/lib64:/opt/ros/humble/lib:/workspace/gsslam_backend/third_party/install/opencv/lib"
[0.506s] -- Up-to-date: /workspace/gsslam_backend/ros2_ws/install/cv_bridge/include/cv_bridge
[0.506s] -- Up-to-date: /workspace/gsslam_backend/ros2_ws/install/cv_bridge/include/cv_bridge/cv_bridge
[0.506s] -- Up-to-date: /workspace/gsslam_backend/ros2_ws/install/cv_bridge/include/cv_bridge/cv_bridge/cv_bridge.h
[0.507s] -- Up-to-date: /workspace/gsslam_backend/ros2_ws/install/cv_bridge/include/cv_bridge/cv_bridge/rgb_colors.h
[0.507s] -- Up-to-date: /workspace/gsslam_backend/ros2_ws/install/cv_bridge/lib/libcv_bridge.so
[0.507s] -- Up-to-date: /workspace/gsslam_backend/ros2_ws/install/cv_bridge/share/ament_index/resource_index/package_run_dependencies/cv_bridge
[0.507s] -- Up-to-date: /workspace/gsslam_backend/ros2_ws/install/cv_bridge/share/ament_index/resource_index/parent_prefix_path/cv_bridge
[0.507s] -- Up-to-date: /workspace/gsslam_backend/ros2_ws/install/cv_bridge/share/cv_bridge/environment/ament_prefix_path.sh
[0.507s] -- Up-to-date: /workspace/gsslam_backend/ros2_ws/install/cv_bridge/share/cv_bridge/environment/ament_prefix_path.dsv
[0.507s] -- Up-to-date: /workspace/gsslam_backend/ros2_ws/install/cv_bridge/share/cv_bridge/environment/path.sh
[0.507s] -- Up-to-date: /workspace/gsslam_backend/ros2_ws/install/cv_bridge/share/cv_bridge/environment/path.dsv
[0.507s] -- Up-to-date: /workspace/gsslam_backend/ros2_ws/install/cv_bridge/share/cv_bridge/local_setup.bash
[0.507s] -- Up-to-date: /workspace/gsslam_backend/ros2_ws/install/cv_bridge/share/cv_bridge/local_setup.sh
[0.507s] -- Up-to-date: /workspace/gsslam_backend/ros2_ws/install/cv_bridge/share/cv_bridge/local_setup.zsh
[0.507s] -- Up-to-date: /workspace/gsslam_backend/ros2_ws/install/cv_bridge/share/cv_bridge/local_setup.dsv
[0.507s] -- Installing: /workspace/gsslam_backend/ros2_ws/install/cv_bridge/share/cv_bridge/package.dsv
[0.507s] -- Up-to-date: /workspace/gsslam_backend/ros2_ws/install/cv_bridge/share/ament_index/resource_index/packages/cv_bridge
[0.507s] -- Up-to-date: /workspace/gsslam_backend/ros2_ws/install/cv_bridge/share/cv_bridge/cmake/export_cv_bridgeExport.cmake
[0.508s] -- Up-to-date: /workspace/gsslam_backend/ros2_ws/install/cv_bridge/share/cv_bridge/cmake/export_cv_bridgeExport-noconfig.cmake
[0.508s] -- Up-to-date: /workspace/gsslam_backend/ros2_ws/install/cv_bridge/share/cv_bridge/cmake/cv_bridge-extras.cmake
[0.508s] -- Up-to-date: /workspace/gsslam_backend/ros2_ws/install/cv_bridge/share/cv_bridge/cmake/ament_cmake_export_dependencies-extras.cmake
[0.508s] -- Up-to-date: /workspace/gsslam_backend/ros2_ws/install/cv_bridge/share/cv_bridge/cmake/ament_cmake_export_targets-extras.cmake
[0.508s] -- Up-to-date: /workspace/gsslam_backend/ros2_ws/install/cv_bridge/share/cv_bridge/cmake/cv_bridgeConfig.cmake
[0.508s] -- Up-to-date: /workspace/gsslam_backend/ros2_ws/install/cv_bridge/share/cv_bridge/cmake/cv_bridgeConfig-version.cmake
[0.508s] -- Up-to-date: /workspace/gsslam_backend/ros2_ws/install/cv_bridge/share/cv_bridge/package.xml
[0.510s] Invoked command in '/workspace/gsslam_backend/ros2_ws/build/cv_bridge' returned '0': CMAKE_PREFIX_PATH=${CMAKE_PREFIX_PATH}:/workspace/gsslam_backend/ros2_ws/install/ros_tcp_endpoint:/workspace/gsslam_backend/ros2_ws/install/opencv_tests:/opt/ros/humble /usr/bin/cmake --install /workspace/gsslam_backend/ros2_ws/build/cv_bridge
