[35m[1mConsolidate compiler generated dependencies of target gtest[0m
[35m[1mConsolidate compiler generated dependencies of target gtest_main[0m
[35m[1mConsolidate compiler generated dependencies of target image_geometry[0m
[ 22%] Built target gtest_main
[ 44%] Built target gtest
[ 55%] [32m[1mLinking CXX shared library libimage_geometry.so[0m
[ 55%] Built target ament_cmake_python_copy_image_geometry
[ 77%] Built target image_geometry
[35m[1mConsolidate compiler generated dependencies of target image_geometry-utest[0m
[ 88%] [32m[1mLinking CXX executable image_geometry-utest[0m
running egg_info
writing image_geometry.egg-info/PKG-INFO
writing dependency_links to image_geometry.egg-info/dependency_links.txt
writing top-level names to image_geometry.egg-info/top_level.txt
reading manifest file 'image_geometry.egg-info/SOURCES.txt'
writing manifest file 'image_geometry.egg-info/SOURCES.txt'
[ 88%] Built target ament_cmake_python_build_image_geometry_egg
[100%] Built target image_geometry-utest
-- Install configuration: ""
-- Up-to-date: /workspace/gsslam_backend/ros2_ws/install/image_geometry/share/image_geometry/environment/pythonpath.sh
-- Up-to-date: /workspace/gsslam_backend/ros2_ws/install/image_geometry/share/image_geometry/environment/pythonpath.dsv
-- Up-to-date: /workspace/gsslam_backend/ros2_ws/install/image_geometry/local/lib/python3.10/dist-packages/image_geometry-3.2.1-py3.10.egg-info
-- Installing: /workspace/gsslam_backend/ros2_ws/install/image_geometry/local/lib/python3.10/dist-packages/image_geometry-3.2.1-py3.10.egg-info/PKG-INFO
-- Installing: /workspace/gsslam_backend/ros2_ws/install/image_geometry/local/lib/python3.10/dist-packages/image_geometry-3.2.1-py3.10.egg-info/dependency_links.txt
-- Installing: /workspace/gsslam_backend/ros2_ws/install/image_geometry/local/lib/python3.10/dist-packages/image_geometry-3.2.1-py3.10.egg-info/top_level.txt
-- Installing: /workspace/gsslam_backend/ros2_ws/install/image_geometry/local/lib/python3.10/dist-packages/image_geometry-3.2.1-py3.10.egg-info/SOURCES.txt
-- Up-to-date: /workspace/gsslam_backend/ros2_ws/install/image_geometry/local/lib/python3.10/dist-packages/image_geometry
-- Up-to-date: /workspace/gsslam_backend/ros2_ws/install/image_geometry/local/lib/python3.10/dist-packages/image_geometry/__init__.py
-- Up-to-date: /workspace/gsslam_backend/ros2_ws/install/image_geometry/local/lib/python3.10/dist-packages/image_geometry/cameramodels.py
Listing '/workspace/gsslam_backend/ros2_ws/install/image_geometry/local/lib/python3.10/dist-packages/image_geometry'...
-- Up-to-date: /workspace/gsslam_backend/ros2_ws/install/image_geometry/include/image_geometry
-- Up-to-date: /workspace/gsslam_backend/ros2_ws/install/image_geometry/include/image_geometry/image_geometry
-- Up-to-date: /workspace/gsslam_backend/ros2_ws/install/image_geometry/include/image_geometry/image_geometry/pinhole_camera_model.h
-- Up-to-date: /workspace/gsslam_backend/ros2_ws/install/image_geometry/include/image_geometry/image_geometry/stereo_camera_model.h
-- Up-to-date: /workspace/gsslam_backend/ros2_ws/install/image_geometry/include/image_geometry/image_geometry/visibility_control.hpp
-- Installing: /workspace/gsslam_backend/ros2_ws/install/image_geometry/lib/libimage_geometry.so
-- Set runtime path of "/workspace/gsslam_backend/ros2_ws/install/image_geometry/lib/libimage_geometry.so" to "/workspace/gsslam_backend/cartgs_ros_rolling/third_party/install/opencv/lib:/usr/local/cuda/lib64:/workspace/gsslam_backend/third_party/install/opencv/lib:/opt/ros/humble/lib"
-- Up-to-date: /workspace/gsslam_backend/ros2_ws/install/image_geometry/share/ament_index/resource_index/package_run_dependencies/image_geometry
-- Up-to-date: /workspace/gsslam_backend/ros2_ws/install/image_geometry/share/ament_index/resource_index/parent_prefix_path/image_geometry
-- Up-to-date: /workspace/gsslam_backend/ros2_ws/install/image_geometry/share/image_geometry/environment/ament_prefix_path.sh
-- Up-to-date: /workspace/gsslam_backend/ros2_ws/install/image_geometry/share/image_geometry/environment/ament_prefix_path.dsv
-- Up-to-date: /workspace/gsslam_backend/ros2_ws/install/image_geometry/share/image_geometry/environment/path.sh
-- Up-to-date: /workspace/gsslam_backend/ros2_ws/install/image_geometry/share/image_geometry/environment/path.dsv
-- Up-to-date: /workspace/gsslam_backend/ros2_ws/install/image_geometry/share/image_geometry/local_setup.bash
-- Up-to-date: /workspace/gsslam_backend/ros2_ws/install/image_geometry/share/image_geometry/local_setup.sh
-- Up-to-date: /workspace/gsslam_backend/ros2_ws/install/image_geometry/share/image_geometry/local_setup.zsh
-- Up-to-date: /workspace/gsslam_backend/ros2_ws/install/image_geometry/share/image_geometry/local_setup.dsv
-- Installing: /workspace/gsslam_backend/ros2_ws/install/image_geometry/share/image_geometry/package.dsv
-- Up-to-date: /workspace/gsslam_backend/ros2_ws/install/image_geometry/share/ament_index/resource_index/packages/image_geometry
-- Up-to-date: /workspace/gsslam_backend/ros2_ws/install/image_geometry/share/image_geometry/cmake/export_image_geometryExport.cmake
-- Up-to-date: /workspace/gsslam_backend/ros2_ws/install/image_geometry/share/image_geometry/cmake/export_image_geometryExport-noconfig.cmake
-- Up-to-date: /workspace/gsslam_backend/ros2_ws/install/image_geometry/share/image_geometry/cmake/ament_cmake_export_targets-extras.cmake
-- Up-to-date: /workspace/gsslam_backend/ros2_ws/install/image_geometry/share/image_geometry/cmake/ament_cmake_export_dependencies-extras.cmake
-- Up-to-date: /workspace/gsslam_backend/ros2_ws/install/image_geometry/share/image_geometry/cmake/image_geometryConfig.cmake
-- Up-to-date: /workspace/gsslam_backend/ros2_ws/install/image_geometry/share/image_geometry/cmake/image_geometryConfig-version.cmake
-- Up-to-date: /workspace/gsslam_backend/ros2_ws/install/image_geometry/share/image_geometry/package.xml
