[0.013s] Invoking command in '/workspace/gsslam_backend/ros2_ws/build/image_geometry': CMAKE_PREFIX_PATH=${CMAKE_PREFIX_PATH}:/workspace/gsslam_backend/ros2_ws/install/ros_tcp_endpoint:/workspace/gsslam_backend/ros2_ws/install/opencv_tests:/opt/ros/humble /usr/bin/cmake --build /workspace/gsslam_backend/ros2_ws/build/image_geometry -- -j28 -l28
[0.041s] [35m[1mConsolidate compiler generated dependencies of target gtest[0m
[0.042s] [35m[1mConsolidate compiler generated dependencies of target gtest_main[0m
[0.045s] [35m[1mConsolidate compiler generated dependencies of target image_geometry[0m
[0.059s] [ 22%] Built target gtest_main
[0.062s] [ 44%] Built target gtest
[0.068s] [ 55%] [32m[1mLinking CXX shared library libimage_geometry.so[0m
[0.070s] [ 55%] Built target ament_cmake_python_copy_image_geometry
[0.147s] [ 77%] Built target image_geometry
[0.159s] [35m[1mConsolidate compiler generated dependencies of target image_geometry-utest[0m
[0.177s] [ 88%] [32m[1mLinking CXX executable image_geometry-utest[0m
[0.209s] running egg_info
[0.210s] writing image_geometry.egg-info/PKG-INFO
[0.210s] writing dependency_links to image_geometry.egg-info/dependency_links.txt
[0.210s] writing top-level names to image_geometry.egg-info/top_level.txt
[0.210s] reading manifest file 'image_geometry.egg-info/SOURCES.txt'
[0.211s] writing manifest file 'image_geometry.egg-info/SOURCES.txt'
[0.231s] [ 88%] Built target ament_cmake_python_build_image_geometry_egg
[0.351s] [100%] Built target image_geometry-utest
[0.374s] Invoked command in '/workspace/gsslam_backend/ros2_ws/build/image_geometry' returned '0': CMAKE_PREFIX_PATH=${CMAKE_PREFIX_PATH}:/workspace/gsslam_backend/ros2_ws/install/ros_tcp_endpoint:/workspace/gsslam_backend/ros2_ws/install/opencv_tests:/opt/ros/humble /usr/bin/cmake --build /workspace/gsslam_backend/ros2_ws/build/image_geometry -- -j28 -l28
[0.376s] Invoking command in '/workspace/gsslam_backend/ros2_ws/build/image_geometry': CMAKE_PREFIX_PATH=${CMAKE_PREFIX_PATH}:/workspace/gsslam_backend/ros2_ws/install/ros_tcp_endpoint:/workspace/gsslam_backend/ros2_ws/install/opencv_tests:/opt/ros/humble /usr/bin/cmake --install /workspace/gsslam_backend/ros2_ws/build/image_geometry
[0.387s] -- Install configuration: ""
[0.387s] -- Up-to-date: /workspace/gsslam_backend/ros2_ws/install/image_geometry/share/image_geometry/environment/pythonpath.sh
[0.387s] -- Up-to-date: /workspace/gsslam_backend/ros2_ws/install/image_geometry/share/image_geometry/environment/pythonpath.dsv
[0.387s] -- Up-to-date: /workspace/gsslam_backend/ros2_ws/install/image_geometry/local/lib/python3.10/dist-packages/image_geometry-3.2.1-py3.10.egg-info
[0.387s] -- Installing: /workspace/gsslam_backend/ros2_ws/install/image_geometry/local/lib/python3.10/dist-packages/image_geometry-3.2.1-py3.10.egg-info/PKG-INFO
[0.388s] -- Installing: /workspace/gsslam_backend/ros2_ws/install/image_geometry/local/lib/python3.10/dist-packages/image_geometry-3.2.1-py3.10.egg-info/dependency_links.txt
[0.388s] -- Installing: /workspace/gsslam_backend/ros2_ws/install/image_geometry/local/lib/python3.10/dist-packages/image_geometry-3.2.1-py3.10.egg-info/top_level.txt
[0.388s] -- Installing: /workspace/gsslam_backend/ros2_ws/install/image_geometry/local/lib/python3.10/dist-packages/image_geometry-3.2.1-py3.10.egg-info/SOURCES.txt
[0.388s] -- Up-to-date: /workspace/gsslam_backend/ros2_ws/install/image_geometry/local/lib/python3.10/dist-packages/image_geometry
[0.388s] -- Up-to-date: /workspace/gsslam_backend/ros2_ws/install/image_geometry/local/lib/python3.10/dist-packages/image_geometry/__init__.py
[0.388s] -- Up-to-date: /workspace/gsslam_backend/ros2_ws/install/image_geometry/local/lib/python3.10/dist-packages/image_geometry/cameramodels.py
[0.420s] Listing '/workspace/gsslam_backend/ros2_ws/install/image_geometry/local/lib/python3.10/dist-packages/image_geometry'...
[0.424s] -- Up-to-date: /workspace/gsslam_backend/ros2_ws/install/image_geometry/include/image_geometry
[0.424s] -- Up-to-date: /workspace/gsslam_backend/ros2_ws/install/image_geometry/include/image_geometry/image_geometry
[0.424s] -- Up-to-date: /workspace/gsslam_backend/ros2_ws/install/image_geometry/include/image_geometry/image_geometry/pinhole_camera_model.h
[0.424s] -- Up-to-date: /workspace/gsslam_backend/ros2_ws/install/image_geometry/include/image_geometry/image_geometry/stereo_camera_model.h
[0.424s] -- Up-to-date: /workspace/gsslam_backend/ros2_ws/install/image_geometry/include/image_geometry/image_geometry/visibility_control.hpp
[0.424s] -- Installing: /workspace/gsslam_backend/ros2_ws/install/image_geometry/lib/libimage_geometry.so
[0.426s] -- Set runtime path of "/workspace/gsslam_backend/ros2_ws/install/image_geometry/lib/libimage_geometry.so" to "/workspace/gsslam_backend/cartgs_ros_rolling/third_party/install/opencv/lib:/usr/local/cuda/lib64:/workspace/gsslam_backend/third_party/install/opencv/lib:/opt/ros/humble/lib"
[0.426s] -- Up-to-date: /workspace/gsslam_backend/ros2_ws/install/image_geometry/share/ament_index/resource_index/package_run_dependencies/image_geometry
[0.426s] -- Up-to-date: /workspace/gsslam_backend/ros2_ws/install/image_geometry/share/ament_index/resource_index/parent_prefix_path/image_geometry
[0.426s] -- Up-to-date: /workspace/gsslam_backend/ros2_ws/install/image_geometry/share/image_geometry/environment/ament_prefix_path.sh
[0.426s] -- Up-to-date: /workspace/gsslam_backend/ros2_ws/install/image_geometry/share/image_geometry/environment/ament_prefix_path.dsv
[0.426s] -- Up-to-date: /workspace/gsslam_backend/ros2_ws/install/image_geometry/share/image_geometry/environment/path.sh
[0.426s] -- Up-to-date: /workspace/gsslam_backend/ros2_ws/install/image_geometry/share/image_geometry/environment/path.dsv
[0.426s] -- Up-to-date: /workspace/gsslam_backend/ros2_ws/install/image_geometry/share/image_geometry/local_setup.bash
[0.426s] -- Up-to-date: /workspace/gsslam_backend/ros2_ws/install/image_geometry/share/image_geometry/local_setup.sh
[0.426s] -- Up-to-date: /workspace/gsslam_backend/ros2_ws/install/image_geometry/share/image_geometry/local_setup.zsh
[0.426s] -- Up-to-date: /workspace/gsslam_backend/ros2_ws/install/image_geometry/share/image_geometry/local_setup.dsv
[0.427s] -- Installing: /workspace/gsslam_backend/ros2_ws/install/image_geometry/share/image_geometry/package.dsv
[0.427s] -- Up-to-date: /workspace/gsslam_backend/ros2_ws/install/image_geometry/share/ament_index/resource_index/packages/image_geometry
[0.427s] -- Up-to-date: /workspace/gsslam_backend/ros2_ws/install/image_geometry/share/image_geometry/cmake/export_image_geometryExport.cmake
[0.427s] -- Up-to-date: /workspace/gsslam_backend/ros2_ws/install/image_geometry/share/image_geometry/cmake/export_image_geometryExport-noconfig.cmake
[0.427s] -- Up-to-date: /workspace/gsslam_backend/ros2_ws/install/image_geometry/share/image_geometry/cmake/ament_cmake_export_targets-extras.cmake
[0.427s] -- Up-to-date: /workspace/gsslam_backend/ros2_ws/install/image_geometry/share/image_geometry/cmake/ament_cmake_export_dependencies-extras.cmake
[0.427s] -- Up-to-date: /workspace/gsslam_backend/ros2_ws/install/image_geometry/share/image_geometry/cmake/image_geometryConfig.cmake
[0.427s] -- Up-to-date: /workspace/gsslam_backend/ros2_ws/install/image_geometry/share/image_geometry/cmake/image_geometryConfig-version.cmake
[0.427s] -- Up-to-date: /workspace/gsslam_backend/ros2_ws/install/image_geometry/share/image_geometry/package.xml
[0.430s] Invoked command in '/workspace/gsslam_backend/ros2_ws/build/image_geometry' returned '0': CMAKE_PREFIX_PATH=${CMAKE_PREFIX_PATH}:/workspace/gsslam_backend/ros2_ws/install/ros_tcp_endpoint:/workspace/gsslam_backend/ros2_ws/install/opencv_tests:/opt/ros/humble /usr/bin/cmake --install /workspace/gsslam_backend/ros2_ws/build/image_geometry
