[0.011s] Invoking command in '/workspace/gsslam_backend/ros2_ws/build/cv_bridge': CMAKE_PREFIX_PATH=/opt/ros/humble /usr/bin/cmake /workspace/gsslam_backend/ros2_ws/src/vision_opencv/cv_bridge -DCARTGS_ROOT_DIR=/workspace/gsslam_backend -DORB_SLAM3_ROOT_DIR=/workspace/gsslam_backend/third_party/ORB-SLAM3 -DOpenCV_DIR=/workspace/gsslam_backend/third_party/install/opencv/lib/cmake/opencv4 -DTorch_DIR=/usr/local/libtorch/share/cmake/Torch -DCMAKE_INSTALL_RPATH=/workspace/gsslam_backend/cartgs_ros_rolling/third_party/install/opencv/lib -DCMAKE_INSTALL_RPATH_USE_LINK_PATH=TRUE -DCMAKE_INSTALL_PREFIX=/workspace/gsslam_backend/ros2_ws/install/cv_bridge
[0.055s] -- The C compiler identification is GNU 11.4.0
[0.099s] -- The CXX compiler identification is GNU 11.4.0
[0.105s] -- Detecting C compiler ABI info
[0.158s] -- Detecting C compiler ABI info - done
[0.166s] -- Check for working C compiler: /usr/bin/cc - skipped
[0.166s] -- Detecting C compile features
[0.166s] -- Detecting C compile features - done
[0.169s] -- Detecting CXX compiler ABI info
[0.229s] -- Detecting CXX compiler ABI info - done
[0.235s] -- Check for working CXX compiler: /usr/bin/c++ - skipped
[0.236s] -- Detecting CXX compile features
[0.236s] -- Detecting CXX compile features - done
[0.237s] -- Found ament_cmake_ros: 0.10.0 (/opt/ros/humble/share/ament_cmake_ros/cmake)
[0.337s] -- Found Python3: /usr/bin/python3 (found version "3.10.12") found components: Interpreter 
[0.804s] -- Found Python3: /usr/include/python3.10 (found version "3.10.12") found components: Development NumPy Interpreter Development.Module Development.Embed 
[0.816s] -- Found Boost: /usr/lib/x86_64-linux-gnu/cmake/Boost-1.74.0/BoostConfig.cmake (found version "1.74.0") found components: python310 
[0.817s] -- Found rcpputils: 2.4.5 (/opt/ros/humble/share/rcpputils/cmake)
[0.822s] -- Found sensor_msgs: 4.9.0 (/opt/ros/humble/share/sensor_msgs/cmake)
[0.833s] -- Found rosidl_generator_c: 3.1.7 (/opt/ros/humble/share/rosidl_generator_c/cmake)
[0.835s] -- Found rosidl_adapter: 3.1.7 (/opt/ros/humble/share/rosidl_adapter/cmake)
[0.840s] -- Found rosidl_generator_cpp: 3.1.7 (/opt/ros/humble/share/rosidl_generator_cpp/cmake)
[0.846s] -- Using all available rosidl_typesupport_c: rosidl_typesupport_fastrtps_c;rosidl_typesupport_introspection_c
[0.854s] -- Using all available rosidl_typesupport_cpp: rosidl_typesupport_fastrtps_cpp;rosidl_typesupport_introspection_cpp
[0.909s] -- Looking for pthread.h
[0.969s] -- Looking for pthread.h - found
[0.970s] -- Performing Test CMAKE_HAVE_LIBC_PTHREAD
[1.038s] -- Performing Test CMAKE_HAVE_LIBC_PTHREAD - Success
[1.039s] -- Found Threads: TRUE  
[1.044s] -- Found CUDA: /usr/local/cuda (found suitable exact version "12.1") 
[1.122s] -- Performing Test COMPILER_HAS_HIDDEN_VISIBILITY
[1.189s] -- Performing Test COMPILER_HAS_HIDDEN_VISIBILITY - Success
[1.190s] -- Performing Test COMPILER_HAS_HIDDEN_INLINE_VISIBILITY
[1.262s] -- Performing Test COMPILER_HAS_HIDDEN_INLINE_VISIBILITY - Success
[1.262s] -- Performing Test COMPILER_HAS_DEPRECATED_ATTR
[1.333s] -- Performing Test COMPILER_HAS_DEPRECATED_ATTR - Success
[1.335s] -- Found ament_lint_auto: 0.12.14 (/opt/ros/humble/share/ament_lint_auto/cmake)
[1.387s] -- Found gtest sources under '/opt/ros/humble/src/gtest_vendor': C++ tests using 'Google Test' will be built
[2.280s] -- Configuring done
[2.303s] -- Generating done
[2.305s] [33mCMake Warning:
[2.306s]   Manually-specified variables were not used by the project:
[2.306s] 
[2.306s]     CARTGS_ROOT_DIR
[2.306s]     ORB_SLAM3_ROOT_DIR
[2.306s]     Torch_DIR
[2.306s] 
[2.306s] [0m
[2.312s] -- Build files have been written to: /workspace/gsslam_backend/ros2_ws/build/cv_bridge
[2.324s] Invoked command in '/workspace/gsslam_backend/ros2_ws/build/cv_bridge' returned '0': CMAKE_PREFIX_PATH=/opt/ros/humble /usr/bin/cmake /workspace/gsslam_backend/ros2_ws/src/vision_opencv/cv_bridge -DCARTGS_ROOT_DIR=/workspace/gsslam_backend -DORB_SLAM3_ROOT_DIR=/workspace/gsslam_backend/third_party/ORB-SLAM3 -DOpenCV_DIR=/workspace/gsslam_backend/third_party/install/opencv/lib/cmake/opencv4 -DTorch_DIR=/usr/local/libtorch/share/cmake/Torch -DCMAKE_INSTALL_RPATH=/workspace/gsslam_backend/cartgs_ros_rolling/third_party/install/opencv/lib -DCMAKE_INSTALL_RPATH_USE_LINK_PATH=TRUE -DCMAKE_INSTALL_PREFIX=/workspace/gsslam_backend/ros2_ws/install/cv_bridge
[2.325s] Invoking command in '/workspace/gsslam_backend/ros2_ws/build/cv_bridge': CMAKE_PREFIX_PATH=/opt/ros/humble /usr/bin/cmake --build /workspace/gsslam_backend/ros2_ws/build/cv_bridge -- -j28 -l28
[2.375s] [  6%] [32mBuilding CXX object gtest/CMakeFiles/gtest_main.dir/src/gtest_main.cc.o[0m
[2.380s] [ 12%] [32mBuilding CXX object gtest/CMakeFiles/gtest.dir/src/gtest-all.cc.o[0m
[2.380s] [ 18%] [32mBuilding CXX object src/CMakeFiles/cv_bridge.dir/rgb_colors.cpp.o[0m
[2.380s] [ 25%] [32mBuilding CXX object src/CMakeFiles/cv_bridge.dir/cv_bridge.cpp.o[0m
[2.389s] [ 25%] Built target ament_cmake_python_copy_cv_bridge
[2.542s] running egg_info
[2.543s] creating cv_bridge.egg-info
[2.543s] writing cv_bridge.egg-info/PKG-INFO
[2.543s] writing dependency_links to cv_bridge.egg-info/dependency_links.txt
[2.543s] writing top-level names to cv_bridge.egg-info/top_level.txt
[2.543s] writing manifest file 'cv_bridge.egg-info/SOURCES.txt'
[2.544s] reading manifest file 'cv_bridge.egg-info/SOURCES.txt'
[2.545s] writing manifest file 'cv_bridge.egg-info/SOURCES.txt'
[2.565s] [ 25%] Built target ament_cmake_python_build_cv_bridge_egg
[3.076s] [ 31%] [32m[1mLinking CXX static library libgtest_main.a[0m
[3.105s] [ 31%] Built target gtest_main
[5.741s] [ 37%] [32m[1mLinking CXX shared library libcv_bridge.so[0m
[5.889s] [ 37%] Built target cv_bridge
[5.912s] [ 50%] [32mBuilding CXX object src/CMakeFiles/cv_bridge_boost.dir/module_opencv3.cpp.o[0m
[5.912s] [ 50%] [32mBuilding CXX object src/CMakeFiles/cv_bridge_boost.dir/module.cpp.o[0m
[6.013s] [ 56%] [32m[1mLinking CXX static library libgtest.a[0m
[6.076s] [ 56%] Built target gtest
[6.097s] [ 62%] [32mBuilding CXX object test/CMakeFiles/cv_bridge-utest.dir/test_endian.cpp.o[0m
[6.098s] [ 87%] [32mBuilding CXX object test/CMakeFiles/cv_bridge-utest.dir/utest2.cpp.o[0m
[6.099s] [ 87%] [32mBuilding CXX object test/CMakeFiles/cv_bridge-utest.dir/utest.cpp.o[0m
[6.099s] [ 87%] [32mBuilding CXX object test/CMakeFiles/cv_bridge-utest.dir/test_rgb_colors.cpp.o[0m
[6.099s] [ 87%] [32mBuilding CXX object test/CMakeFiles/cv_bridge-utest.dir/test_compression.cpp.o[0m
[7.778s] [ 93%] [32m[1mLinking CXX executable cv_bridge-utest[0m
[7.983s] [ 93%] Built target cv_bridge-utest
[8.537s] [100%] [32m[1mLinking CXX shared module boost/cv_bridge_boost.so[0m
[8.632s] [100%] Built target cv_bridge_boost
[8.641s] Invoked command in '/workspace/gsslam_backend/ros2_ws/build/cv_bridge' returned '0': CMAKE_PREFIX_PATH=/opt/ros/humble /usr/bin/cmake --build /workspace/gsslam_backend/ros2_ws/build/cv_bridge -- -j28 -l28
[8.642s] Invoking command in '/workspace/gsslam_backend/ros2_ws/build/cv_bridge': CMAKE_PREFIX_PATH=/opt/ros/humble /usr/bin/cmake --install /workspace/gsslam_backend/ros2_ws/build/cv_bridge
[8.649s] -- Install configuration: ""
[8.650s] -- Installing: /workspace/gsslam_backend/ros2_ws/install/cv_bridge/share/cv_bridge/environment/pythonpath.sh
[8.650s] -- Installing: /workspace/gsslam_backend/ros2_ws/install/cv_bridge/share/cv_bridge/environment/pythonpath.dsv
[8.650s] -- Installing: /workspace/gsslam_backend/ros2_ws/install/cv_bridge/local/lib/python3.10/dist-packages/cv_bridge-3.2.1-py3.10.egg-info
[8.650s] -- Installing: /workspace/gsslam_backend/ros2_ws/install/cv_bridge/local/lib/python3.10/dist-packages/cv_bridge-3.2.1-py3.10.egg-info/PKG-INFO
[8.650s] -- Installing: /workspace/gsslam_backend/ros2_ws/install/cv_bridge/local/lib/python3.10/dist-packages/cv_bridge-3.2.1-py3.10.egg-info/dependency_links.txt
[8.650s] -- Installing: /workspace/gsslam_backend/ros2_ws/install/cv_bridge/local/lib/python3.10/dist-packages/cv_bridge-3.2.1-py3.10.egg-info/top_level.txt
[8.650s] -- Installing: /workspace/gsslam_backend/ros2_ws/install/cv_bridge/local/lib/python3.10/dist-packages/cv_bridge-3.2.1-py3.10.egg-info/SOURCES.txt
[8.650s] -- Installing: /workspace/gsslam_backend/ros2_ws/install/cv_bridge/local/lib/python3.10/dist-packages/cv_bridge
[8.650s] -- Installing: /workspace/gsslam_backend/ros2_ws/install/cv_bridge/local/lib/python3.10/dist-packages/cv_bridge/__init__.py
[8.650s] -- Installing: /workspace/gsslam_backend/ros2_ws/install/cv_bridge/local/lib/python3.10/dist-packages/cv_bridge/core.py
[8.680s] Listing '/workspace/gsslam_backend/ros2_ws/install/cv_bridge/local/lib/python3.10/dist-packages/cv_bridge'...
[8.680s] Compiling '/workspace/gsslam_backend/ros2_ws/install/cv_bridge/local/lib/python3.10/dist-packages/cv_bridge/__init__.py'...
[8.680s] Compiling '/workspace/gsslam_backend/ros2_ws/install/cv_bridge/local/lib/python3.10/dist-packages/cv_bridge/core.py'...
[8.684s] -- Installing: /workspace/gsslam_backend/ros2_ws/install/cv_bridge/lib/libcv_bridge.so
[8.686s] -- Set runtime path of "/workspace/gsslam_backend/ros2_ws/install/cv_bridge/lib/libcv_bridge.so" to "/workspace/gsslam_backend/cartgs_ros_rolling/third_party/install/opencv/lib:/usr/local/cuda/lib64:/opt/ros/humble/lib:/workspace/gsslam_backend/third_party/install/opencv/lib"
[8.686s] -- Installing: /workspace/gsslam_backend/ros2_ws/install/cv_bridge/include/cv_bridge/cv_bridge/cv_bridge_export.h
[8.686s] -- Installing: /workspace/gsslam_backend/ros2_ws/install/cv_bridge/local/lib/python3.10/dist-packages/cv_bridge/boost/cv_bridge_boost.so
[8.687s] -- Set runtime path of "/workspace/gsslam_backend/ros2_ws/install/cv_bridge/local/lib/python3.10/dist-packages/cv_bridge/boost/cv_bridge_boost.so" to "/workspace/gsslam_backend/cartgs_ros_rolling/third_party/install/opencv/lib:/usr/local/cuda/lib64:/opt/ros/humble/lib:/workspace/gsslam_backend/third_party/install/opencv/lib"
[8.687s] -- Up-to-date: /workspace/gsslam_backend/ros2_ws/install/cv_bridge/include/cv_bridge
[8.687s] -- Up-to-date: /workspace/gsslam_backend/ros2_ws/install/cv_bridge/include/cv_bridge/cv_bridge
[8.688s] -- Installing: /workspace/gsslam_backend/ros2_ws/install/cv_bridge/include/cv_bridge/cv_bridge/cv_bridge.h
[8.688s] -- Installing: /workspace/gsslam_backend/ros2_ws/install/cv_bridge/include/cv_bridge/cv_bridge/rgb_colors.h
[8.688s] -- Up-to-date: /workspace/gsslam_backend/ros2_ws/install/cv_bridge/lib/libcv_bridge.so
[8.688s] -- Installing: /workspace/gsslam_backend/ros2_ws/install/cv_bridge/share/ament_index/resource_index/package_run_dependencies/cv_bridge
[8.688s] -- Installing: /workspace/gsslam_backend/ros2_ws/install/cv_bridge/share/ament_index/resource_index/parent_prefix_path/cv_bridge
[8.688s] -- Installing: /workspace/gsslam_backend/ros2_ws/install/cv_bridge/share/cv_bridge/environment/ament_prefix_path.sh
[8.688s] -- Installing: /workspace/gsslam_backend/ros2_ws/install/cv_bridge/share/cv_bridge/environment/ament_prefix_path.dsv
[8.688s] -- Installing: /workspace/gsslam_backend/ros2_ws/install/cv_bridge/share/cv_bridge/environment/path.sh
[8.688s] -- Installing: /workspace/gsslam_backend/ros2_ws/install/cv_bridge/share/cv_bridge/environment/path.dsv
[8.688s] -- Installing: /workspace/gsslam_backend/ros2_ws/install/cv_bridge/share/cv_bridge/local_setup.bash
[8.688s] -- Installing: /workspace/gsslam_backend/ros2_ws/install/cv_bridge/share/cv_bridge/local_setup.sh
[8.688s] -- Installing: /workspace/gsslam_backend/ros2_ws/install/cv_bridge/share/cv_bridge/local_setup.zsh
[8.688s] -- Installing: /workspace/gsslam_backend/ros2_ws/install/cv_bridge/share/cv_bridge/local_setup.dsv
[8.688s] -- Installing: /workspace/gsslam_backend/ros2_ws/install/cv_bridge/share/cv_bridge/package.dsv
[8.688s] -- Installing: /workspace/gsslam_backend/ros2_ws/install/cv_bridge/share/ament_index/resource_index/packages/cv_bridge
[8.688s] -- Installing: /workspace/gsslam_backend/ros2_ws/install/cv_bridge/share/cv_bridge/cmake/export_cv_bridgeExport.cmake
[8.689s] -- Installing: /workspace/gsslam_backend/ros2_ws/install/cv_bridge/share/cv_bridge/cmake/export_cv_bridgeExport-noconfig.cmake
[8.689s] -- Installing: /workspace/gsslam_backend/ros2_ws/install/cv_bridge/share/cv_bridge/cmake/cv_bridge-extras.cmake
[8.689s] -- Installing: /workspace/gsslam_backend/ros2_ws/install/cv_bridge/share/cv_bridge/cmake/ament_cmake_export_dependencies-extras.cmake
[8.689s] -- Installing: /workspace/gsslam_backend/ros2_ws/install/cv_bridge/share/cv_bridge/cmake/ament_cmake_export_targets-extras.cmake
[8.689s] -- Installing: /workspace/gsslam_backend/ros2_ws/install/cv_bridge/share/cv_bridge/cmake/cv_bridgeConfig.cmake
[8.689s] -- Installing: /workspace/gsslam_backend/ros2_ws/install/cv_bridge/share/cv_bridge/cmake/cv_bridgeConfig-version.cmake
[8.689s] -- Installing: /workspace/gsslam_backend/ros2_ws/install/cv_bridge/share/cv_bridge/package.xml
[8.691s] Invoked command in '/workspace/gsslam_backend/ros2_ws/build/cv_bridge' returned '0': CMAKE_PREFIX_PATH=/opt/ros/humble /usr/bin/cmake --install /workspace/gsslam_backend/ros2_ws/build/cv_bridge
